#
# There is insufficient memory for the Java Runtime Environment to continue.
# Native memory allocation (malloc) failed to allocate 1147536 bytes. Error detail: Chunk::new
# Possible reasons:
#   The system is out of physical RAM or swap space
#   This process is running with CompressedOops enabled, and the Java Heap may be blocking the growth of the native heap
# Possible solutions:
#   Reduce memory load on the system
#   Increase physical memory or swap space
#   Check if swap backing store is full
#   Decrease Java heap size (-Xmx/-Xms)
#   Decrease number of Java threads
#   Decrease Java thread stack sizes (-Xss)
#   Set larger code cache with -XX:ReservedCodeCacheSize=
#   JVM is running with Zero Based Compressed Oops mode in which the Java heap is
#     placed in the first 32GB address space. The Java Heap base address is the
#     maximum limit for the native heap growth. Please use -XX:HeapBaseMinAddress
#     to set the Java Heap base and to place the Java Heap above 32GB virtual address.
# This output file may be truncated or incomplete.
#
#  Out of Memory Error (arena.cpp:191), pid=17084, tid=28732
#
# JRE version: OpenJDK Runtime Environment Microsoft-10376486 (17.0.13+11) (build 17.0.13+11-LTS)
# Java VM: OpenJDK 64-Bit Server VM Microsoft-10376486 (17.0.13+11-LTS, mixed mode, sharing, tiered, compressed oops, compressed class ptrs, g1 gc, windows-amd64)
# No core dump will be written. Minidumps are not enabled by default on client versions of Windows
#

---------------  S U M M A R Y ------------

Command Line: -DkotlinLanguageServer.version=1.3.13 org.javacs.kt.MainKt

Host: 12th Gen Intel(R) Core(TM) i5-12450H, 12 cores, 15G,  Windows 11 , 64 bit Build 22621 (10.0.22621.5160)
Time: Mon Aug  4 12:01:01 2025 India Standard Time elapsed time: 59.797308 seconds (0d 0h 0m 59s)

---------------  T H R E A D  ---------------

Current thread (0x000001db5e8c1950):  JavaThread "C2 CompilerThread1" daemon [_thread_in_native, id=28732, stack(0x0000004cf0c00000,0x0000004cf0d00000)]


Current CompileTask:
C2:  59797 21520       4       org.jetbrains.kotlin.resolve.deprecation.DeprecationResolver::deprecationByOverridden$traverse (162 bytes)

Stack: [0x0000004cf0c00000,0x0000004cf0d00000]
Native frames: (J=compiled Java code, j=interpreted, Vv=VM code, C=native code)
V  [jvm.dll+0x687fc9]
V  [jvm.dll+0x83eeb8]
V  [jvm.dll+0x840963]
V  [jvm.dll+0x840fd3]
V  [jvm.dll+0x24951f]
V  [jvm.dll+0xad0c4]
V  [jvm.dll+0xad75c]
V  [jvm.dll+0x36aafe]
V  [jvm.dll+0x1bcf75]
V  [jvm.dll+0x21a8bc]
V  [jvm.dll+0x219b7f]
V  [jvm.dll+0x1a5506]
V  [jvm.dll+0x22a1ca]
V  [jvm.dll+0x22830b]
V  [jvm.dll+0x7f4708]
V  [jvm.dll+0x7eea6c]
V  [jvm.dll+0x686ea7]
C  [ucrtbase.dll+0x29333]
C  [KERNEL32.DLL+0x1259d]
C  [ntdll.dll+0x5af58]


---------------  P R O C E S S  ---------------

Threads class SMR info:
_java_thread_list=0x000001db5fc89fe0, length=21, elements={
0x000001db7dce9db0, 0x000001db7dceac30, 0x000001db7dd04dd0, 0x000001db7dd077a0,
0x000001db7dd09170, 0x000001db7dd09b30, 0x000001db7dd0a8d0, 0x000001db7dd0db30,
0x000001db7dd12970, 0x000001db7de3dd00, 0x000001db7de46ec0, 0x000001db7ed0c1e0,
0x000001db7ed0e040, 0x000001db7ed0d620, 0x000001db7ed0db30, 0x000001db7ed0b7c0,
0x000001db5e8c1950, 0x000001db5cac4a20, 0x000001db5cac4510, 0x000001db5cac8bf0,
0x000001db60df3530
}

Java Threads: ( => current thread )
  0x000001db7dce9db0 JavaThread "Reference Handler" daemon [_thread_blocked, id=28284, stack(0x0000004cef000000,0x0000004cef100000)]
  0x000001db7dceac30 JavaThread "Finalizer" daemon [_thread_blocked, id=23296, stack(0x0000004cef100000,0x0000004cef200000)]
  0x000001db7dd04dd0 JavaThread "Signal Dispatcher" daemon [_thread_blocked, id=30604, stack(0x0000004cef200000,0x0000004cef300000)]
  0x000001db7dd077a0 JavaThread "Attach Listener" daemon [_thread_blocked, id=18200, stack(0x0000004cef300000,0x0000004cef400000)]
  0x000001db7dd09170 JavaThread "Service Thread" daemon [_thread_blocked, id=4068, stack(0x0000004cef400000,0x0000004cef500000)]
  0x000001db7dd09b30 JavaThread "Monitor Deflation Thread" daemon [_thread_blocked, id=29600, stack(0x0000004cef500000,0x0000004cef600000)]
  0x000001db7dd0a8d0 JavaThread "C2 CompilerThread0" daemon [_thread_in_native, id=31392, stack(0x0000004cef600000,0x0000004cef700000)]
  0x000001db7dd0db30 JavaThread "C1 CompilerThread0" daemon [_thread_blocked, id=12908, stack(0x0000004cef700000,0x0000004cef800000)]
  0x000001db7dd12970 JavaThread "Sweeper thread" daemon [_thread_blocked, id=29452, stack(0x0000004cef800000,0x0000004cef900000)]
  0x000001db7de3dd00 JavaThread "Notification Thread" daemon [_thread_blocked, id=19648, stack(0x0000004cef900000,0x0000004cefa00000)]
  0x000001db7de46ec0 JavaThread "Common-Cleaner" daemon [_thread_blocked, id=15216, stack(0x0000004cefb00000,0x0000004cefc00000)]
  0x000001db7ed0c1e0 JavaThread "client" [_thread_in_native, id=18684, stack(0x0000004cf0700000,0x0000004cf0800000)]
  0x000001db7ed0e040 JavaThread "DestroyJavaVM" [_thread_blocked, id=10228, stack(0x0000004cee900000,0x0000004ceea00000)]
  0x000001db7ed0d620 JavaThread "async0" [_thread_blocked, id=31316, stack(0x0000004cf0800000,0x0000004cf0900000)]
  0x000001db7ed0db30 JavaThread "async1" [_thread_blocked, id=27656, stack(0x0000004cf0900000,0x0000004cf0a00000)]
  0x000001db7ed0b7c0 JavaThread "debounce0" [_thread_blocked, id=30904, stack(0x0000004cf0b00000,0x0000004cf0c00000)]
=>0x000001db5e8c1950 JavaThread "C2 CompilerThread1" daemon [_thread_in_native, id=28732, stack(0x0000004cf0c00000,0x0000004cf0d00000)]
  0x000001db5cac4a20 JavaThread "async2" [_thread_blocked, id=16160, stack(0x0000004cf0d00000,0x0000004cf0e00000)]
  0x000001db5cac4510 JavaThread "async3" [_thread_blocked, id=7104, stack(0x0000004cf0f00000,0x0000004cf1000000)]
  0x000001db5cac8bf0 JavaThread "debounce1" [_thread_in_vm, id=13180, stack(0x0000004cf1000000,0x0000004cf1100000)]
  0x000001db60df3530 JavaThread "ForkJoinPool.commonPool-worker-1" daemon [_thread_in_Java, id=6140, stack(0x0000004cf1300000,0x0000004cf1400000)]

Other Threads:
  0x000001db7dabed10 VMThread "VM Thread" [stack: 0x0000004ceef00000,0x0000004cef000000] [id=25292]
  0x000001db7de44610 WatcherThread [stack: 0x0000004cefa00000,0x0000004cefb00000] [id=29916]
  0x000001db69aba300 GCTaskThread "GC Thread#0" [stack: 0x0000004ceea00000,0x0000004ceeb00000] [id=31176]
  0x000001db7e4f6060 GCTaskThread "GC Thread#1" [stack: 0x0000004cefc00000,0x0000004cefd00000] [id=31116]
  0x000001db7e4f6320 GCTaskThread "GC Thread#2" [stack: 0x0000004cefd00000,0x0000004cefe00000] [id=8844]
  0x000001db7e4f65e0 GCTaskThread "GC Thread#3" [stack: 0x0000004cefe00000,0x0000004ceff00000] [id=27972]
  0x000001db7e679580 GCTaskThread "GC Thread#4" [stack: 0x0000004ceff00000,0x0000004cf0000000] [id=28760]
  0x000001db7e679840 GCTaskThread "GC Thread#5" [stack: 0x0000004cf0000000,0x0000004cf0100000] [id=28892]
  0x000001db7e555a20 GCTaskThread "GC Thread#6" [stack: 0x0000004cf0100000,0x0000004cf0200000] [id=15896]
  0x000001db7e88adc0 GCTaskThread "GC Thread#7" [stack: 0x0000004cf0200000,0x0000004cf0300000] [id=22228]
  0x000001db7e88ab00 GCTaskThread "GC Thread#8" [stack: 0x0000004cf0300000,0x0000004cf0400000] [id=3352]
  0x000001db7e88a2c0 GCTaskThread "GC Thread#9" [stack: 0x0000004cf0400000,0x0000004cf0500000] [id=27744]
  0x000001db69accb90 ConcurrentGCThread "G1 Main Marker" [stack: 0x0000004ceeb00000,0x0000004ceec00000] [id=29748]
  0x000001db69acd5b0 ConcurrentGCThread "G1 Conc#0" [stack: 0x0000004ceec00000,0x0000004ceed00000] [id=31560]
  0x000001db7e88a580 ConcurrentGCThread "G1 Conc#1" [stack: 0x0000004cf0500000,0x0000004cf0600000] [id=28536]
  0x000001db7e88a840 ConcurrentGCThread "G1 Conc#2" [stack: 0x0000004cf0600000,0x0000004cf0700000] [id=14936]
  0x000001db7d97cc70 ConcurrentGCThread "G1 Refine#0" [stack: 0x0000004ceed00000,0x0000004ceee00000] [id=29008]
  0x000001db5c114080 ConcurrentGCThread "G1 Refine#1" [stack: 0x0000004cf0a00000,0x0000004cf0b00000] [id=25384]
  0x000001db7e31c1c0 ConcurrentGCThread "G1 Refine#2" [stack: 0x0000004cf1400000,0x0000004cf1500000] [id=31596]
  0x000001db7d97d6a0 ConcurrentGCThread "G1 Service" [stack: 0x0000004ceee00000,0x0000004ceef00000] [id=23848]

Threads with active compile tasks:
C2 CompilerThread0    59829 21529       4       org.jetbrains.kotlin.resolve.calls.checkers.DeprecatedCallChecker::check (234 bytes)
C2 CompilerThread1    59829 21520       4       org.jetbrains.kotlin.resolve.deprecation.DeprecationResolver::deprecationByOverridden$traverse (162 bytes)

VM state: not at safepoint (normal execution)

VM Mutex/Monitor currently owned by a thread: None

Heap address: 0x0000000704800000, size: 4024 MB, Compressed Oops mode: Zero based, Oop shift amount: 3

CDS archive(s) mapped at: [0x000001db0f000000-0x000001db0fbb0000-0x000001db0fbb0000), size 12255232, SharedBaseAddress: 0x000001db0f000000, ArchiveRelocationMode: 1.
Compressed class space mapped at: 0x000001db10000000-0x000001db50000000, reserved size: 1073741824
Narrow klass base: 0x000001db0f000000, Narrow klass shift: 0, Narrow klass range: 0x100000000

GC Precious Log:
 CPUs: 12 total, 12 available
 Memory: 16088M
 Large Page Support: Disabled
 NUMA Support: Disabled
 Compressed Oops: Enabled (Zero based)
 Heap Region Size: 2M
 Heap Min Capacity: 8M
 Heap Initial Capacity: 252M
 Heap Max Capacity: 4024M
 Pre-touch: Disabled
 Parallel Workers: 10
 Concurrent Workers: 3
 Concurrent Refinement Workers: 10
 Periodic GC: Disabled

Heap:
 garbage-first heap   total 620544K, used 492640K [0x0000000704800000, 0x0000000800000000)
  region size 2048K, 41 young (83968K), 8 survivors (16384K)
 Metaspace       used 81191K, committed 81856K, reserved 1179648K
  class space    used 8884K, committed 9216K, reserved 1048576K

Heap Regions: E=young(eden), S=young(survivor), O=old, HS=humongous(starts), HC=humongous(continues), CS=collection set, F=free, OA=open archive, CA=closed archive, TAMS=top-at-mark-start (previous, next)
|   0|0x0000000704800000, 0x0000000704a00000, 0x0000000704a00000|100%|HS|  |TAMS 0x0000000704a00000, 0x0000000704800000| Complete 
|   1|0x0000000704a00000, 0x0000000704c00000, 0x0000000704c00000|100%|HC|  |TAMS 0x0000000704c00000, 0x0000000704a00000| Complete 
|   2|0x0000000704c00000, 0x0000000704e00000, 0x0000000704e00000|100%| O|  |TAMS 0x0000000704e00000, 0x0000000704c00000| Untracked 
|   3|0x0000000704e00000, 0x0000000705000000, 0x0000000705000000|100%| O|  |TAMS 0x0000000705000000, 0x0000000704e00000| Untracked 
|   4|0x0000000705000000, 0x0000000705200000, 0x0000000705200000|100%| O|  |TAMS 0x0000000705200000, 0x0000000705000000| Untracked 
|   5|0x0000000705200000, 0x0000000705400000, 0x0000000705400000|100%| O|  |TAMS 0x0000000705400000, 0x0000000705200000| Untracked 
|   6|0x0000000705400000, 0x0000000705600000, 0x0000000705600000|100%| O|  |TAMS 0x0000000705600000, 0x0000000705400000| Untracked 
|   7|0x0000000705600000, 0x0000000705800000, 0x0000000705800000|100%| O|  |TAMS 0x0000000705800000, 0x0000000705600000| Untracked 
|   8|0x0000000705800000, 0x0000000705a00000, 0x0000000705a00000|100%| O|  |TAMS 0x0000000705a00000, 0x0000000705800000| Untracked 
|   9|0x0000000705a00000, 0x0000000705c00000, 0x0000000705c00000|100%| O|  |TAMS 0x0000000705c00000, 0x0000000705a00000| Untracked 
|  10|0x0000000705c00000, 0x0000000705e00000, 0x0000000705e00000|100%| O|  |TAMS 0x0000000705e00000, 0x0000000705c00000| Untracked 
|  11|0x0000000705e00000, 0x0000000706000000, 0x0000000706000000|100%| O|  |TAMS 0x0000000706000000, 0x0000000705e00000| Untracked 
|  12|0x0000000706000000, 0x0000000706200000, 0x0000000706200000|100%| O|  |TAMS 0x0000000706200000, 0x0000000706000000| Untracked 
|  13|0x0000000706200000, 0x0000000706400000, 0x0000000706400000|100%| O|  |TAMS 0x0000000706400000, 0x0000000706200000| Untracked 
|  14|0x0000000706400000, 0x0000000706600000, 0x0000000706600000|100%| O|  |TAMS 0x0000000706600000, 0x0000000706400000| Untracked 
|  15|0x0000000706600000, 0x0000000706800000, 0x0000000706800000|100%| O|  |TAMS 0x0000000706800000, 0x0000000706600000| Untracked 
|  16|0x0000000706800000, 0x0000000706a00000, 0x0000000706a00000|100%| O|  |TAMS 0x0000000706a00000, 0x0000000706800000| Untracked 
|  17|0x0000000706a00000, 0x0000000706c00000, 0x0000000706c00000|100%| O|  |TAMS 0x0000000706c00000, 0x0000000706a00000| Untracked 
|  18|0x0000000706c00000, 0x0000000706e00000, 0x0000000706e00000|100%| O|  |TAMS 0x0000000706e00000, 0x0000000706c00000| Untracked 
|  19|0x0000000706e00000, 0x0000000707000000, 0x0000000707000000|100%| O|  |TAMS 0x0000000707000000, 0x0000000706e00000| Untracked 
|  20|0x0000000707000000, 0x0000000707200000, 0x0000000707200000|100%| O|  |TAMS 0x0000000707200000, 0x0000000707000000| Untracked 
|  21|0x0000000707200000, 0x0000000707400000, 0x0000000707400000|100%|HS|  |TAMS 0x0000000707400000, 0x0000000707200000| Complete 
|  22|0x0000000707400000, 0x0000000707600000, 0x0000000707600000|100%| O|  |TAMS 0x0000000707600000, 0x0000000707400000| Untracked 
|  23|0x0000000707600000, 0x0000000707800000, 0x0000000707800000|100%| O|  |TAMS 0x0000000707800000, 0x0000000707600000| Untracked 
|  24|0x0000000707800000, 0x0000000707a00000, 0x0000000707a00000|100%| O|  |TAMS 0x0000000707800000, 0x0000000707800000| Untracked 
|  25|0x0000000707a00000, 0x0000000707c00000, 0x0000000707c00000|100%| O|  |TAMS 0x0000000707c00000, 0x0000000707a00000| Untracked 
|  26|0x0000000707c00000, 0x0000000707e00000, 0x0000000707e00000|100%| O|  |TAMS 0x0000000707e00000, 0x0000000707c00000| Untracked 
|  27|0x0000000707e00000, 0x0000000708000000, 0x0000000708000000|100%| O|  |TAMS 0x0000000708000000, 0x0000000707e00000| Untracked 
|  28|0x0000000708000000, 0x0000000708200000, 0x0000000708200000|100%| O|  |TAMS 0x0000000708200000, 0x0000000708000000| Untracked 
|  29|0x0000000708200000, 0x0000000708400000, 0x0000000708400000|100%| O|  |TAMS 0x0000000708400000, 0x0000000708200000| Untracked 
|  30|0x0000000708400000, 0x0000000708600000, 0x0000000708600000|100%| O|  |TAMS 0x0000000708600000, 0x0000000708400000| Untracked 
|  31|0x0000000708600000, 0x0000000708800000, 0x0000000708800000|100%| O|  |TAMS 0x0000000708800000, 0x0000000708600000| Untracked 
|  32|0x0000000708800000, 0x0000000708a00000, 0x0000000708a00000|100%| O|  |TAMS 0x0000000708a00000, 0x0000000708800000| Untracked 
|  33|0x0000000708a00000, 0x0000000708c00000, 0x0000000708c00000|100%| O|  |TAMS 0x0000000708c00000, 0x0000000708a00000| Untracked 
|  34|0x0000000708c00000, 0x0000000708e00000, 0x0000000708e00000|100%| O|  |TAMS 0x0000000708e00000, 0x0000000708c00000| Untracked 
|  35|0x0000000708e00000, 0x0000000709000000, 0x0000000709000000|100%| O|  |TAMS 0x0000000709000000, 0x0000000708e00000| Untracked 
|  36|0x0000000709000000, 0x0000000709200000, 0x0000000709200000|100%| O|  |TAMS 0x0000000709200000, 0x0000000709000000| Untracked 
|  37|0x0000000709200000, 0x0000000709400000, 0x0000000709400000|100%| O|  |TAMS 0x0000000709400000, 0x0000000709200000| Untracked 
|  38|0x0000000709400000, 0x0000000709600000, 0x0000000709600000|100%| O|  |TAMS 0x0000000709600000, 0x0000000709400000| Untracked 
|  39|0x0000000709600000, 0x0000000709800000, 0x0000000709800000|100%| O|  |TAMS 0x0000000709600000, 0x0000000709600000| Untracked 
|  40|0x0000000709800000, 0x0000000709a00000, 0x0000000709a00000|100%| O|  |TAMS 0x0000000709800000, 0x0000000709800000| Untracked 
|  41|0x0000000709a00000, 0x0000000709c00000, 0x0000000709c00000|100%| O|  |TAMS 0x0000000709c00000, 0x0000000709a00000| Untracked 
|  42|0x0000000709c00000, 0x0000000709e00000, 0x0000000709e00000|100%| O|  |TAMS 0x0000000709e00000, 0x0000000709c00000| Untracked 
|  43|0x0000000709e00000, 0x000000070a000000, 0x000000070a000000|100%| O|  |TAMS 0x000000070a000000, 0x0000000709e00000| Untracked 
|  44|0x000000070a000000, 0x000000070a200000, 0x000000070a200000|100%| O|  |TAMS 0x000000070a200000, 0x000000070a000000| Untracked 
|  45|0x000000070a200000, 0x000000070a400000, 0x000000070a400000|100%| O|  |TAMS 0x000000070a200000, 0x000000070a200000| Untracked 
|  46|0x000000070a400000, 0x000000070a600000, 0x000000070a600000|100%| O|  |TAMS 0x000000070a400000, 0x000000070a400000| Untracked 
|  47|0x000000070a600000, 0x000000070a800000, 0x000000070a800000|100%| O|  |TAMS 0x000000070a800000, 0x000000070a600000| Untracked 
|  48|0x000000070a800000, 0x000000070aa00000, 0x000000070aa00000|100%| O|  |TAMS 0x000000070a800000, 0x000000070a800000| Untracked 
|  49|0x000000070aa00000, 0x000000070ac00000, 0x000000070ac00000|100%| O|  |TAMS 0x000000070ac00000, 0x000000070aa00000| Untracked 
|  50|0x000000070ac00000, 0x000000070ae00000, 0x000000070ae00000|100%| O|  |TAMS 0x000000070ac00000, 0x000000070ac00000| Untracked 
|  51|0x000000070ae00000, 0x000000070b000000, 0x000000070b000000|100%| O|  |TAMS 0x000000070b000000, 0x000000070ae00000| Untracked 
|  52|0x000000070b000000, 0x000000070b200000, 0x000000070b200000|100%| O|  |TAMS 0x000000070b200000, 0x000000070b000000| Untracked 
|  53|0x000000070b200000, 0x000000070b400000, 0x000000070b400000|100%| O|  |TAMS 0x000000070b400000, 0x000000070b200000| Untracked 
|  54|0x000000070b400000, 0x000000070b600000, 0x000000070b600000|100%| O|  |TAMS 0x000000070b600000, 0x000000070b400000| Untracked 
|  55|0x000000070b600000, 0x000000070b800000, 0x000000070b800000|100%| O|  |TAMS 0x000000070b800000, 0x000000070b600000| Untracked 
|  56|0x000000070b800000, 0x000000070ba00000, 0x000000070ba00000|100%| O|  |TAMS 0x000000070ba00000, 0x000000070b800000| Untracked 
|  57|0x000000070ba00000, 0x000000070bc00000, 0x000000070bc00000|100%| O|  |TAMS 0x000000070bc00000, 0x000000070ba00000| Untracked 
|  58|0x000000070bc00000, 0x000000070be00000, 0x000000070be00000|100%| O|  |TAMS 0x000000070be00000, 0x000000070bc00000| Untracked 
|  59|0x000000070be00000, 0x000000070c000000, 0x000000070c000000|100%| O|  |TAMS 0x000000070c000000, 0x000000070be00000| Untracked 
|  60|0x000000070c000000, 0x000000070c200000, 0x000000070c200000|100%| O|  |TAMS 0x000000070c200000, 0x000000070c000000| Untracked 
|  61|0x000000070c200000, 0x000000070c400000, 0x000000070c400000|100%| O|  |TAMS 0x000000070c400000, 0x000000070c200000| Untracked 
|  62|0x000000070c400000, 0x000000070c600000, 0x000000070c600000|100%| O|  |TAMS 0x000000070c600000, 0x000000070c400000| Untracked 
|  63|0x000000070c600000, 0x000000070c800000, 0x000000070c800000|100%| O|  |TAMS 0x000000070c800000, 0x000000070c600000| Untracked 
|  64|0x000000070c800000, 0x000000070ca00000, 0x000000070ca00000|100%| O|  |TAMS 0x000000070ca00000, 0x000000070c800000| Untracked 
|  65|0x000000070ca00000, 0x000000070cc00000, 0x000000070cc00000|100%| O|  |TAMS 0x000000070cc00000, 0x000000070ca00000| Untracked 
|  66|0x000000070cc00000, 0x000000070ce00000, 0x000000070ce00000|100%| O|  |TAMS 0x000000070ce00000, 0x000000070cc00000| Untracked 
|  67|0x000000070ce00000, 0x000000070d000000, 0x000000070d000000|100%| O|  |TAMS 0x000000070d000000, 0x000000070ce00000| Untracked 
|  68|0x000000070d000000, 0x000000070d200000, 0x000000070d200000|100%| O|  |TAMS 0x000000070d200000, 0x000000070d000000| Untracked 
|  69|0x000000070d200000, 0x000000070d400000, 0x000000070d400000|100%| O|  |TAMS 0x000000070d400000, 0x000000070d200000| Untracked 
|  70|0x000000070d400000, 0x000000070d600000, 0x000000070d600000|100%| O|  |TAMS 0x000000070d600000, 0x000000070d400000| Untracked 
|  71|0x000000070d600000, 0x000000070d800000, 0x000000070d800000|100%| O|  |TAMS 0x000000070d800000, 0x000000070d600000| Untracked 
|  72|0x000000070d800000, 0x000000070da00000, 0x000000070da00000|100%| O|  |TAMS 0x000000070da00000, 0x000000070d800000| Untracked 
|  73|0x000000070da00000, 0x000000070dc00000, 0x000000070dc00000|100%| O|  |TAMS 0x000000070dab0a00, 0x000000070da00000| Untracked 
|  74|0x000000070dc00000, 0x000000070de00000, 0x000000070de00000|100%| O|  |TAMS 0x000000070dc00000, 0x000000070dc00000| Untracked 
|  75|0x000000070de00000, 0x000000070e000000, 0x000000070e000000|100%| O|  |TAMS 0x000000070de00000, 0x000000070de00000| Untracked 
|  76|0x000000070e000000, 0x000000070e200000, 0x000000070e200000|100%| O|  |TAMS 0x000000070e000000, 0x000000070e000000| Untracked 
|  77|0x000000070e200000, 0x000000070e400000, 0x000000070e400000|100%| O|  |TAMS 0x000000070e200000, 0x000000070e200000| Untracked 
|  78|0x000000070e400000, 0x000000070e600000, 0x000000070e600000|100%| O|  |TAMS 0x000000070e400000, 0x000000070e400000| Untracked 
|  79|0x000000070e600000, 0x000000070e800000, 0x000000070e800000|100%| O|  |TAMS 0x000000070e600000, 0x000000070e600000| Untracked 
|  80|0x000000070e800000, 0x000000070ea00000, 0x000000070ea00000|100%| O|  |TAMS 0x000000070e800000, 0x000000070e800000| Untracked 
|  81|0x000000070ea00000, 0x000000070ec00000, 0x000000070ec00000|100%| O|  |TAMS 0x000000070ea00000, 0x000000070ea00000| Untracked 
|  82|0x000000070ec00000, 0x000000070ee00000, 0x000000070ee00000|100%| O|  |TAMS 0x000000070ec00000, 0x000000070ec00000| Untracked 
|  83|0x000000070ee00000, 0x000000070f000000, 0x000000070f000000|100%| O|  |TAMS 0x000000070ee00000, 0x000000070ee00000| Untracked 
|  84|0x000000070f000000, 0x000000070f200000, 0x000000070f200000|100%| O|  |TAMS 0x000000070f000000, 0x000000070f000000| Untracked 
|  85|0x000000070f200000, 0x000000070f400000, 0x000000070f400000|100%| O|  |TAMS 0x000000070f200000, 0x000000070f200000| Untracked 
|  86|0x000000070f400000, 0x000000070f600000, 0x000000070f600000|100%| O|  |TAMS 0x000000070f400000, 0x000000070f400000| Untracked 
|  87|0x000000070f600000, 0x000000070f800000, 0x000000070f800000|100%| O|  |TAMS 0x000000070f600000, 0x000000070f600000| Untracked 
|  88|0x000000070f800000, 0x000000070fa00000, 0x000000070fa00000|100%| O|  |TAMS 0x000000070f800000, 0x000000070f800000| Untracked 
|  89|0x000000070fa00000, 0x000000070fc00000, 0x000000070fc00000|100%| O|  |TAMS 0x000000070fa00000, 0x000000070fa00000| Untracked 
|  90|0x000000070fc00000, 0x000000070fe00000, 0x000000070fe00000|100%| O|  |TAMS 0x000000070fc00000, 0x000000070fc00000| Untracked 
|  91|0x000000070fe00000, 0x0000000710000000, 0x0000000710000000|100%| O|  |TAMS 0x000000070fe00000, 0x000000070fe00000| Untracked 
|  92|0x0000000710000000, 0x0000000710200000, 0x0000000710200000|100%| O|  |TAMS 0x0000000710000000, 0x0000000710000000| Untracked 
|  93|0x0000000710200000, 0x0000000710400000, 0x0000000710400000|100%| O|  |TAMS 0x0000000710200000, 0x0000000710200000| Untracked 
|  94|0x0000000710400000, 0x0000000710600000, 0x0000000710600000|100%| O|  |TAMS 0x0000000710400000, 0x0000000710400000| Untracked 
|  95|0x0000000710600000, 0x0000000710800000, 0x0000000710800000|100%| O|  |TAMS 0x0000000710600000, 0x0000000710600000| Untracked 
|  96|0x0000000710800000, 0x0000000710a00000, 0x0000000710a00000|100%| O|  |TAMS 0x0000000710800000, 0x0000000710800000| Untracked 
|  97|0x0000000710a00000, 0x0000000710c00000, 0x0000000710c00000|100%| O|  |TAMS 0x0000000710a00000, 0x0000000710a00000| Untracked 
|  98|0x0000000710c00000, 0x0000000710e00000, 0x0000000710e00000|100%| O|  |TAMS 0x0000000710c00000, 0x0000000710c00000| Untracked 
|  99|0x0000000710e00000, 0x0000000711000000, 0x0000000711000000|100%| O|  |TAMS 0x0000000710e00000, 0x0000000710e00000| Untracked 
| 100|0x0000000711000000, 0x0000000711200000, 0x0000000711200000|100%| O|  |TAMS 0x0000000711000000, 0x0000000711000000| Untracked 
| 101|0x0000000711200000, 0x0000000711400000, 0x0000000711400000|100%| O|  |TAMS 0x0000000711200000, 0x0000000711200000| Untracked 
| 102|0x0000000711400000, 0x0000000711600000, 0x0000000711600000|100%| O|  |TAMS 0x0000000711400000, 0x0000000711400000| Untracked 
| 103|0x0000000711600000, 0x0000000711800000, 0x0000000711800000|100%| O|  |TAMS 0x0000000711600000, 0x0000000711600000| Untracked 
| 104|0x0000000711800000, 0x0000000711a00000, 0x0000000711a00000|100%| O|  |TAMS 0x0000000711800000, 0x0000000711800000| Untracked 
| 105|0x0000000711a00000, 0x0000000711c00000, 0x0000000711c00000|100%| O|  |TAMS 0x0000000711a00000, 0x0000000711a00000| Untracked 
| 106|0x0000000711c00000, 0x0000000711e00000, 0x0000000711e00000|100%| O|  |TAMS 0x0000000711c00000, 0x0000000711c00000| Untracked 
| 107|0x0000000711e00000, 0x0000000712000000, 0x0000000712000000|100%| O|  |TAMS 0x0000000711e00000, 0x0000000711e00000| Untracked 
| 108|0x0000000712000000, 0x0000000712200000, 0x0000000712200000|100%| O|  |TAMS 0x0000000712000000, 0x0000000712000000| Untracked 
| 109|0x0000000712200000, 0x0000000712400000, 0x0000000712400000|100%| O|  |TAMS 0x0000000712200000, 0x0000000712200000| Untracked 
| 110|0x0000000712400000, 0x0000000712600000, 0x0000000712600000|100%| O|  |TAMS 0x0000000712400000, 0x0000000712400000| Untracked 
| 111|0x0000000712600000, 0x0000000712800000, 0x0000000712800000|100%| O|  |TAMS 0x0000000712600000, 0x0000000712600000| Untracked 
| 112|0x0000000712800000, 0x0000000712a00000, 0x0000000712a00000|100%| O|  |TAMS 0x0000000712800000, 0x0000000712800000| Untracked 
| 113|0x0000000712a00000, 0x0000000712c00000, 0x0000000712c00000|100%| O|  |TAMS 0x0000000712a00000, 0x0000000712a00000| Untracked 
| 114|0x0000000712c00000, 0x0000000712e00000, 0x0000000712e00000|100%| O|  |TAMS 0x0000000712c00000, 0x0000000712c00000| Untracked 
| 115|0x0000000712e00000, 0x0000000713000000, 0x0000000713000000|100%| O|  |TAMS 0x0000000712e00000, 0x0000000712e00000| Untracked 
| 116|0x0000000713000000, 0x0000000713200000, 0x0000000713200000|100%| O|  |TAMS 0x0000000713000000, 0x0000000713000000| Untracked 
| 117|0x0000000713200000, 0x0000000713400000, 0x0000000713400000|100%| O|  |TAMS 0x0000000713200000, 0x0000000713200000| Untracked 
| 118|0x0000000713400000, 0x0000000713600000, 0x0000000713600000|100%| O|  |TAMS 0x0000000713400000, 0x0000000713400000| Untracked 
| 119|0x0000000713600000, 0x0000000713800000, 0x0000000713800000|100%| O|  |TAMS 0x0000000713600000, 0x0000000713600000| Untracked 
| 120|0x0000000713800000, 0x0000000713a00000, 0x0000000713a00000|100%| O|  |TAMS 0x0000000713800000, 0x0000000713800000| Untracked 
| 121|0x0000000713a00000, 0x0000000713c00000, 0x0000000713c00000|100%| O|  |TAMS 0x0000000713a00000, 0x0000000713a00000| Untracked 
| 122|0x0000000713c00000, 0x0000000713e00000, 0x0000000713e00000|100%| O|  |TAMS 0x0000000713c00000, 0x0000000713c00000| Untracked 
| 123|0x0000000713e00000, 0x0000000714000000, 0x0000000714000000|100%| O|  |TAMS 0x0000000713e00000, 0x0000000713e00000| Untracked 
| 124|0x0000000714000000, 0x0000000714200000, 0x0000000714200000|100%| O|  |TAMS 0x0000000714000000, 0x0000000714000000| Untracked 
| 125|0x0000000714200000, 0x0000000714400000, 0x0000000714400000|100%| O|  |TAMS 0x0000000714200000, 0x0000000714200000| Untracked 
| 126|0x0000000714400000, 0x0000000714600000, 0x0000000714600000|100%| O|  |TAMS 0x0000000714400000, 0x0000000714400000| Untracked 
| 127|0x0000000714600000, 0x0000000714800000, 0x0000000714800000|100%| O|  |TAMS 0x0000000714600000, 0x0000000714600000| Untracked 
| 128|0x0000000714800000, 0x0000000714a00000, 0x0000000714a00000|100%| O|  |TAMS 0x0000000714800000, 0x0000000714800000| Untracked 
| 129|0x0000000714a00000, 0x0000000714c00000, 0x0000000714c00000|100%| O|  |TAMS 0x0000000714a00000, 0x0000000714a00000| Untracked 
| 130|0x0000000714c00000, 0x0000000714e00000, 0x0000000714e00000|100%| O|  |TAMS 0x0000000714c00000, 0x0000000714c00000| Untracked 
| 131|0x0000000714e00000, 0x0000000715000000, 0x0000000715000000|100%| O|  |TAMS 0x0000000714e00000, 0x0000000714e00000| Untracked 
| 132|0x0000000715000000, 0x0000000715200000, 0x0000000715200000|100%| O|  |TAMS 0x0000000715000000, 0x0000000715000000| Untracked 
| 133|0x0000000715200000, 0x0000000715400000, 0x0000000715400000|100%| O|  |TAMS 0x0000000715200000, 0x0000000715200000| Untracked 
| 134|0x0000000715400000, 0x0000000715600000, 0x0000000715600000|100%| O|  |TAMS 0x0000000715400000, 0x0000000715400000| Untracked 
| 135|0x0000000715600000, 0x0000000715800000, 0x0000000715800000|100%| O|  |TAMS 0x0000000715600000, 0x0000000715600000| Untracked 
| 136|0x0000000715800000, 0x0000000715a00000, 0x0000000715a00000|100%| O|  |TAMS 0x0000000715800000, 0x0000000715800000| Untracked 
| 137|0x0000000715a00000, 0x0000000715c00000, 0x0000000715c00000|100%| O|  |TAMS 0x0000000715a00000, 0x0000000715a00000| Untracked 
| 138|0x0000000715c00000, 0x0000000715e00000, 0x0000000715e00000|100%| O|  |TAMS 0x0000000715c00000, 0x0000000715c00000| Untracked 
| 139|0x0000000715e00000, 0x0000000716000000, 0x0000000716000000|100%| O|  |TAMS 0x0000000715e00000, 0x0000000715e00000| Untracked 
| 140|0x0000000716000000, 0x0000000716200000, 0x0000000716200000|100%| O|  |TAMS 0x0000000716000000, 0x0000000716000000| Untracked 
| 141|0x0000000716200000, 0x0000000716400000, 0x0000000716400000|100%| O|  |TAMS 0x0000000716200000, 0x0000000716200000| Untracked 
| 142|0x0000000716400000, 0x0000000716600000, 0x0000000716600000|100%| O|  |TAMS 0x0000000716400000, 0x0000000716400000| Untracked 
| 143|0x0000000716600000, 0x0000000716800000, 0x0000000716800000|100%| O|  |TAMS 0x0000000716600000, 0x0000000716600000| Untracked 
| 144|0x0000000716800000, 0x0000000716a00000, 0x0000000716a00000|100%| O|  |TAMS 0x0000000716800000, 0x0000000716800000| Untracked 
| 145|0x0000000716a00000, 0x0000000716c00000, 0x0000000716c00000|100%| O|  |TAMS 0x0000000716a00000, 0x0000000716a00000| Untracked 
| 146|0x0000000716c00000, 0x0000000716e00000, 0x0000000716e00000|100%| O|  |TAMS 0x0000000716c00000, 0x0000000716c00000| Untracked 
| 147|0x0000000716e00000, 0x0000000717000000, 0x0000000717000000|100%| O|  |TAMS 0x0000000716e00000, 0x0000000716e00000| Untracked 
| 148|0x0000000717000000, 0x0000000717200000, 0x0000000717200000|100%| O|  |TAMS 0x0000000717000000, 0x0000000717000000| Untracked 
| 149|0x0000000717200000, 0x0000000717400000, 0x0000000717400000|100%| O|  |TAMS 0x0000000717200000, 0x0000000717200000| Untracked 
| 150|0x0000000717400000, 0x0000000717600000, 0x0000000717600000|100%| O|  |TAMS 0x0000000717400000, 0x0000000717400000| Untracked 
| 151|0x0000000717600000, 0x0000000717800000, 0x0000000717800000|100%| O|  |TAMS 0x0000000717600000, 0x0000000717600000| Untracked 
| 152|0x0000000717800000, 0x0000000717a00000, 0x0000000717a00000|100%| O|  |TAMS 0x0000000717800000, 0x0000000717800000| Untracked 
| 153|0x0000000717a00000, 0x0000000717c00000, 0x0000000717c00000|100%| O|  |TAMS 0x0000000717a00000, 0x0000000717a00000| Untracked 
| 154|0x0000000717c00000, 0x0000000717e00000, 0x0000000717e00000|100%| O|  |TAMS 0x0000000717c00000, 0x0000000717c00000| Untracked 
| 155|0x0000000717e00000, 0x0000000718000000, 0x0000000718000000|100%| O|  |TAMS 0x0000000717e00000, 0x0000000717e00000| Untracked 
| 156|0x0000000718000000, 0x0000000718200000, 0x0000000718200000|100%| O|  |TAMS 0x0000000718000000, 0x0000000718000000| Untracked 
| 157|0x0000000718200000, 0x0000000718400000, 0x0000000718400000|100%| O|  |TAMS 0x0000000718200000, 0x0000000718200000| Untracked 
| 158|0x0000000718400000, 0x0000000718600000, 0x0000000718600000|100%| O|  |TAMS 0x0000000718400000, 0x0000000718400000| Untracked 
| 159|0x0000000718600000, 0x0000000718800000, 0x0000000718800000|100%| O|  |TAMS 0x0000000718600000, 0x0000000718600000| Untracked 
| 160|0x0000000718800000, 0x0000000718a00000, 0x0000000718a00000|100%| O|  |TAMS 0x0000000718800000, 0x0000000718800000| Untracked 
| 161|0x0000000718a00000, 0x0000000718c00000, 0x0000000718c00000|100%| O|  |TAMS 0x0000000718a00000, 0x0000000718a00000| Untracked 
| 162|0x0000000718c00000, 0x0000000718e00000, 0x0000000718e00000|100%| O|  |TAMS 0x0000000718c00000, 0x0000000718c00000| Untracked 
| 163|0x0000000718e00000, 0x0000000719000000, 0x0000000719000000|100%| O|  |TAMS 0x0000000718e00000, 0x0000000718e00000| Untracked 
| 164|0x0000000719000000, 0x0000000719200000, 0x0000000719200000|100%| O|  |TAMS 0x0000000719000000, 0x0000000719000000| Untracked 
| 165|0x0000000719200000, 0x0000000719400000, 0x0000000719400000|100%| O|  |TAMS 0x0000000719200000, 0x0000000719200000| Untracked 
| 166|0x0000000719400000, 0x0000000719600000, 0x0000000719600000|100%| O|  |TAMS 0x0000000719400000, 0x0000000719400000| Untracked 
| 167|0x0000000719600000, 0x0000000719800000, 0x0000000719800000|100%| O|  |TAMS 0x0000000719600000, 0x0000000719600000| Untracked 
| 168|0x0000000719800000, 0x0000000719a00000, 0x0000000719a00000|100%| O|  |TAMS 0x0000000719800000, 0x0000000719800000| Untracked 
| 169|0x0000000719a00000, 0x0000000719c00000, 0x0000000719c00000|100%| O|  |TAMS 0x0000000719a00000, 0x0000000719a00000| Untracked 
| 170|0x0000000719c00000, 0x0000000719e00000, 0x0000000719e00000|100%| O|  |TAMS 0x0000000719c00000, 0x0000000719c00000| Untracked 
| 171|0x0000000719e00000, 0x000000071a000000, 0x000000071a000000|100%| O|  |TAMS 0x0000000719e00000, 0x0000000719e00000| Untracked 
| 172|0x000000071a000000, 0x000000071a200000, 0x000000071a200000|100%| O|  |TAMS 0x000000071a000000, 0x000000071a000000| Untracked 
| 173|0x000000071a200000, 0x000000071a400000, 0x000000071a400000|100%| O|  |TAMS 0x000000071a200000, 0x000000071a200000| Untracked 
| 174|0x000000071a400000, 0x000000071a600000, 0x000000071a600000|100%| O|  |TAMS 0x000000071a400000, 0x000000071a400000| Untracked 
| 175|0x000000071a600000, 0x000000071a800000, 0x000000071a800000|100%| O|  |TAMS 0x000000071a600000, 0x000000071a600000| Untracked 
| 176|0x000000071a800000, 0x000000071aa00000, 0x000000071aa00000|100%| O|  |TAMS 0x000000071a800000, 0x000000071a800000| Untracked 
| 177|0x000000071aa00000, 0x000000071ac00000, 0x000000071ac00000|100%| O|  |TAMS 0x000000071aa00000, 0x000000071aa00000| Untracked 
| 178|0x000000071ac00000, 0x000000071ae00000, 0x000000071ae00000|100%| O|  |TAMS 0x000000071ac00000, 0x000000071ac00000| Untracked 
| 179|0x000000071ae00000, 0x000000071b000000, 0x000000071b000000|100%| O|  |TAMS 0x000000071ae00000, 0x000000071ae00000| Untracked 
| 180|0x000000071b000000, 0x000000071b200000, 0x000000071b200000|100%| O|  |TAMS 0x000000071b000000, 0x000000071b000000| Untracked 
| 181|0x000000071b200000, 0x000000071b400000, 0x000000071b400000|100%| O|  |TAMS 0x000000071b200000, 0x000000071b200000| Untracked 
| 182|0x000000071b400000, 0x000000071b600000, 0x000000071b600000|100%| O|  |TAMS 0x000000071b400000, 0x000000071b400000| Untracked 
| 183|0x000000071b600000, 0x000000071b800000, 0x000000071b800000|100%| O|  |TAMS 0x000000071b600000, 0x000000071b600000| Untracked 
| 184|0x000000071b800000, 0x000000071ba00000, 0x000000071ba00000|100%| O|  |TAMS 0x000000071b800000, 0x000000071b800000| Untracked 
| 185|0x000000071ba00000, 0x000000071bc00000, 0x000000071bc00000|100%| O|  |TAMS 0x000000071ba00000, 0x000000071ba00000| Untracked 
| 186|0x000000071bc00000, 0x000000071be00000, 0x000000071be00000|100%| O|  |TAMS 0x000000071bc00000, 0x000000071bc00000| Untracked 
| 187|0x000000071be00000, 0x000000071c000000, 0x000000071c000000|100%| O|  |TAMS 0x000000071be00000, 0x000000071be00000| Untracked 
| 188|0x000000071c000000, 0x000000071c200000, 0x000000071c200000|100%| O|  |TAMS 0x000000071c000000, 0x000000071c000000| Untracked 
| 189|0x000000071c200000, 0x000000071c400000, 0x000000071c400000|100%| O|  |TAMS 0x000000071c200000, 0x000000071c200000| Untracked 
| 190|0x000000071c400000, 0x000000071c600000, 0x000000071c600000|100%| O|  |TAMS 0x000000071c400000, 0x000000071c400000| Untracked 
| 191|0x000000071c600000, 0x000000071c800000, 0x000000071c800000|100%| O|  |TAMS 0x000000071c600000, 0x000000071c600000| Untracked 
| 192|0x000000071c800000, 0x000000071ca00000, 0x000000071ca00000|100%| O|  |TAMS 0x000000071c800000, 0x000000071c800000| Untracked 
| 193|0x000000071ca00000, 0x000000071cc00000, 0x000000071cc00000|100%| O|  |TAMS 0x000000071ca00000, 0x000000071ca00000| Untracked 
| 194|0x000000071cc00000, 0x000000071ce00000, 0x000000071ce00000|100%| O|  |TAMS 0x000000071cc00000, 0x000000071cc00000| Untracked 
| 195|0x000000071ce00000, 0x000000071d000000, 0x000000071d000000|100%| O|  |TAMS 0x000000071ce00000, 0x000000071ce00000| Untracked 
| 196|0x000000071d000000, 0x000000071d200000, 0x000000071d200000|100%| O|  |TAMS 0x000000071d000000, 0x000000071d000000| Untracked 
| 197|0x000000071d200000, 0x000000071d400000, 0x000000071d400000|100%| O|  |TAMS 0x000000071d200000, 0x000000071d200000| Untracked 
| 198|0x000000071d400000, 0x000000071d600000, 0x000000071d600000|100%| O|  |TAMS 0x000000071d400000, 0x000000071d400000| Untracked 
| 199|0x000000071d600000, 0x000000071d800000, 0x000000071d800000|100%| O|  |TAMS 0x000000071d600000, 0x000000071d600000| Untracked 
| 200|0x000000071d800000, 0x000000071da00000, 0x000000071da00000|100%| O|  |TAMS 0x000000071d800000, 0x000000071d800000| Untracked 
| 201|0x000000071da00000, 0x000000071da60a00, 0x000000071dc00000| 18%| O|  |TAMS 0x000000071da00000, 0x000000071da00000| Untracked 
| 202|0x000000071dc00000, 0x000000071dc00000, 0x000000071de00000|  0%| F|  |TAMS 0x000000071dc00000, 0x000000071dc00000| Untracked 
| 203|0x000000071de00000, 0x000000071de00000, 0x000000071e000000|  0%| F|  |TAMS 0x000000071de00000, 0x000000071de00000| Untracked 
| 204|0x000000071e000000, 0x000000071e000000, 0x000000071e200000|  0%| F|  |TAMS 0x000000071e000000, 0x000000071e000000| Untracked 
| 205|0x000000071e200000, 0x000000071e200000, 0x000000071e400000|  0%| F|  |TAMS 0x000000071e200000, 0x000000071e200000| Untracked 
| 206|0x000000071e400000, 0x000000071e400000, 0x000000071e600000|  0%| F|  |TAMS 0x000000071e400000, 0x000000071e400000| Untracked 
| 207|0x000000071e600000, 0x000000071e600000, 0x000000071e800000|  0%| F|  |TAMS 0x000000071e600000, 0x000000071e600000| Untracked 
| 208|0x000000071e800000, 0x000000071e800000, 0x000000071ea00000|  0%| F|  |TAMS 0x000000071e800000, 0x000000071e800000| Untracked 
| 209|0x000000071ea00000, 0x000000071ea00000, 0x000000071ec00000|  0%| F|  |TAMS 0x000000071ea00000, 0x000000071ea00000| Untracked 
| 210|0x000000071ec00000, 0x000000071ec00000, 0x000000071ee00000|  0%| F|  |TAMS 0x000000071ec00000, 0x000000071ec00000| Untracked 
| 211|0x000000071ee00000, 0x000000071ee00000, 0x000000071f000000|  0%| F|  |TAMS 0x000000071ee00000, 0x000000071ee00000| Untracked 
| 212|0x000000071f000000, 0x000000071f000000, 0x000000071f200000|  0%| F|  |TAMS 0x000000071f000000, 0x000000071f000000| Untracked 
| 213|0x000000071f200000, 0x000000071f200000, 0x000000071f400000|  0%| F|  |TAMS 0x000000071f200000, 0x000000071f200000| Untracked 
| 214|0x000000071f400000, 0x000000071f400000, 0x000000071f600000|  0%| F|  |TAMS 0x000000071f400000, 0x000000071f400000| Untracked 
| 215|0x000000071f600000, 0x000000071f600000, 0x000000071f800000|  0%| F|  |TAMS 0x000000071f600000, 0x000000071f600000| Untracked 
| 216|0x000000071f800000, 0x000000071f800000, 0x000000071fa00000|  0%| F|  |TAMS 0x000000071f800000, 0x000000071f800000| Untracked 
| 217|0x000000071fa00000, 0x000000071fa00000, 0x000000071fc00000|  0%| F|  |TAMS 0x000000071fa00000, 0x000000071fa00000| Untracked 
| 218|0x000000071fc00000, 0x000000071fc00000, 0x000000071fe00000|  0%| F|  |TAMS 0x000000071fc00000, 0x000000071fc00000| Untracked 
| 219|0x000000071fe00000, 0x000000071fe00000, 0x0000000720000000|  0%| F|  |TAMS 0x000000071fe00000, 0x000000071fe00000| Untracked 
| 220|0x0000000720000000, 0x0000000720000000, 0x0000000720200000|  0%| F|  |TAMS 0x0000000720000000, 0x0000000720000000| Untracked 
| 221|0x0000000720200000, 0x0000000720200000, 0x0000000720400000|  0%| F|  |TAMS 0x0000000720200000, 0x0000000720200000| Untracked 
| 222|0x0000000720400000, 0x0000000720400000, 0x0000000720600000|  0%| F|  |TAMS 0x0000000720400000, 0x0000000720400000| Untracked 
| 223|0x0000000720600000, 0x0000000720600000, 0x0000000720800000|  0%| F|  |TAMS 0x0000000720600000, 0x0000000720600000| Untracked 
| 224|0x0000000720800000, 0x0000000720800000, 0x0000000720a00000|  0%| F|  |TAMS 0x0000000720800000, 0x0000000720800000| Untracked 
| 225|0x0000000720a00000, 0x0000000720a00000, 0x0000000720c00000|  0%| F|  |TAMS 0x0000000720a00000, 0x0000000720a00000| Untracked 
| 226|0x0000000720c00000, 0x0000000720c00000, 0x0000000720e00000|  0%| F|  |TAMS 0x0000000720c00000, 0x0000000720c00000| Untracked 
| 227|0x0000000720e00000, 0x0000000720e00000, 0x0000000721000000|  0%| F|  |TAMS 0x0000000720e00000, 0x0000000720e00000| Untracked 
| 228|0x0000000721000000, 0x0000000721000000, 0x0000000721200000|  0%| F|  |TAMS 0x0000000721000000, 0x0000000721000000| Untracked 
| 229|0x0000000721200000, 0x0000000721200000, 0x0000000721400000|  0%| F|  |TAMS 0x0000000721200000, 0x0000000721200000| Untracked 
| 230|0x0000000721400000, 0x0000000721400000, 0x0000000721600000|  0%| F|  |TAMS 0x0000000721400000, 0x0000000721400000| Untracked 
| 231|0x0000000721600000, 0x0000000721600000, 0x0000000721800000|  0%| F|  |TAMS 0x0000000721600000, 0x0000000721600000| Untracked 
| 232|0x0000000721800000, 0x0000000721800000, 0x0000000721a00000|  0%| F|  |TAMS 0x0000000721800000, 0x0000000721800000| Untracked 
| 233|0x0000000721a00000, 0x0000000721a00000, 0x0000000721c00000|  0%| F|  |TAMS 0x0000000721a00000, 0x0000000721a00000| Untracked 
| 234|0x0000000721c00000, 0x0000000721c00000, 0x0000000721e00000|  0%| F|  |TAMS 0x0000000721c00000, 0x0000000721c00000| Untracked 
| 235|0x0000000721e00000, 0x0000000721e00000, 0x0000000722000000|  0%| F|  |TAMS 0x0000000721e00000, 0x0000000721e00000| Untracked 
| 236|0x0000000722000000, 0x0000000722000000, 0x0000000722200000|  0%| F|  |TAMS 0x0000000722000000, 0x0000000722000000| Untracked 
| 237|0x0000000722200000, 0x0000000722200000, 0x0000000722400000|  0%| F|  |TAMS 0x0000000722200000, 0x0000000722200000| Untracked 
| 238|0x0000000722400000, 0x0000000722400000, 0x0000000722600000|  0%| F|  |TAMS 0x0000000722400000, 0x0000000722400000| Untracked 
| 239|0x0000000722600000, 0x0000000722600000, 0x0000000722800000|  0%| F|  |TAMS 0x0000000722600000, 0x0000000722600000| Untracked 
| 240|0x0000000722800000, 0x0000000722800000, 0x0000000722a00000|  0%| F|  |TAMS 0x0000000722800000, 0x0000000722800000| Untracked 
| 241|0x0000000722a00000, 0x0000000722a00000, 0x0000000722c00000|  0%| F|  |TAMS 0x0000000722a00000, 0x0000000722a00000| Untracked 
| 242|0x0000000722c00000, 0x0000000722c00000, 0x0000000722e00000|  0%| F|  |TAMS 0x0000000722c00000, 0x0000000722c00000| Untracked 
| 243|0x0000000722e00000, 0x0000000722e00000, 0x0000000723000000|  0%| F|  |TAMS 0x0000000722e00000, 0x0000000722e00000| Untracked 
| 244|0x0000000723000000, 0x0000000723000000, 0x0000000723200000|  0%| F|  |TAMS 0x0000000723000000, 0x0000000723000000| Untracked 
| 245|0x0000000723200000, 0x00000007232b7850, 0x0000000723400000| 35%| S|CS|TAMS 0x0000000723200000, 0x0000000723200000| Complete 
| 246|0x0000000723400000, 0x0000000723600000, 0x0000000723600000|100%| S|CS|TAMS 0x0000000723400000, 0x0000000723400000| Complete 
| 247|0x0000000723600000, 0x0000000723800000, 0x0000000723800000|100%| S|CS|TAMS 0x0000000723600000, 0x0000000723600000| Complete 
| 248|0x0000000723800000, 0x0000000723a00000, 0x0000000723a00000|100%| S|CS|TAMS 0x0000000723800000, 0x0000000723800000| Complete 
| 249|0x0000000723a00000, 0x0000000723c00000, 0x0000000723c00000|100%| S|CS|TAMS 0x0000000723a00000, 0x0000000723a00000| Complete 
| 250|0x0000000723c00000, 0x0000000723e00000, 0x0000000723e00000|100%| S|CS|TAMS 0x0000000723c00000, 0x0000000723c00000| Complete 
| 251|0x0000000723e00000, 0x0000000724000000, 0x0000000724000000|100%| S|CS|TAMS 0x0000000723e00000, 0x0000000723e00000| Complete 
| 252|0x0000000724000000, 0x0000000724200000, 0x0000000724200000|100%| S|CS|TAMS 0x0000000724000000, 0x0000000724000000| Complete 
| 253|0x0000000724200000, 0x0000000724200000, 0x0000000724400000|  0%| F|  |TAMS 0x0000000724200000, 0x0000000724200000| Untracked 
| 254|0x0000000724400000, 0x0000000724400000, 0x0000000724600000|  0%| F|  |TAMS 0x0000000724400000, 0x0000000724400000| Untracked 
| 255|0x0000000724600000, 0x0000000724600000, 0x0000000724800000|  0%| F|  |TAMS 0x0000000724600000, 0x0000000724600000| Untracked 
| 256|0x0000000724800000, 0x0000000724800000, 0x0000000724a00000|  0%| F|  |TAMS 0x0000000724800000, 0x0000000724800000| Untracked 
| 257|0x0000000724a00000, 0x0000000724a00000, 0x0000000724c00000|  0%| F|  |TAMS 0x0000000724a00000, 0x0000000724a00000| Untracked 
| 258|0x0000000724c00000, 0x0000000724c00000, 0x0000000724e00000|  0%| F|  |TAMS 0x0000000724c00000, 0x0000000724c00000| Untracked 
| 259|0x0000000724e00000, 0x0000000724e00000, 0x0000000725000000|  0%| F|  |TAMS 0x0000000724e00000, 0x0000000724e00000| Untracked 
| 260|0x0000000725000000, 0x0000000725000000, 0x0000000725200000|  0%| F|  |TAMS 0x0000000725000000, 0x0000000725000000| Untracked 
| 261|0x0000000725200000, 0x0000000725200000, 0x0000000725400000|  0%| F|  |TAMS 0x0000000725200000, 0x0000000725200000| Untracked 
| 262|0x0000000725400000, 0x0000000725400000, 0x0000000725600000|  0%| F|  |TAMS 0x0000000725400000, 0x0000000725400000| Untracked 
| 263|0x0000000725600000, 0x0000000725600000, 0x0000000725800000|  0%| F|  |TAMS 0x0000000725600000, 0x0000000725600000| Untracked 
| 264|0x0000000725800000, 0x0000000725800000, 0x0000000725a00000|  0%| F|  |TAMS 0x0000000725800000, 0x0000000725800000| Untracked 
| 265|0x0000000725a00000, 0x0000000725a00000, 0x0000000725c00000|  0%| F|  |TAMS 0x0000000725a00000, 0x0000000725a00000| Untracked 
| 266|0x0000000725c00000, 0x0000000725c00000, 0x0000000725e00000|  0%| F|  |TAMS 0x0000000725c00000, 0x0000000725c00000| Untracked 
| 267|0x0000000725e00000, 0x0000000725e00000, 0x0000000726000000|  0%| F|  |TAMS 0x0000000725e00000, 0x0000000725e00000| Untracked 
| 268|0x0000000726000000, 0x0000000726000000, 0x0000000726200000|  0%| F|  |TAMS 0x0000000726000000, 0x0000000726000000| Untracked 
| 269|0x0000000726200000, 0x000000072638e3a0, 0x0000000726400000| 77%| E|  |TAMS 0x0000000726200000, 0x0000000726200000| Complete 
| 270|0x0000000726400000, 0x0000000726600000, 0x0000000726600000|100%| E|CS|TAMS 0x0000000726400000, 0x0000000726400000| Complete 
| 271|0x0000000726600000, 0x0000000726800000, 0x0000000726800000|100%| E|CS|TAMS 0x0000000726600000, 0x0000000726600000| Complete 
| 272|0x0000000726800000, 0x0000000726a00000, 0x0000000726a00000|100%| E|CS|TAMS 0x0000000726800000, 0x0000000726800000| Complete 
| 273|0x0000000726a00000, 0x0000000726c00000, 0x0000000726c00000|100%| E|CS|TAMS 0x0000000726a00000, 0x0000000726a00000| Complete 
| 274|0x0000000726c00000, 0x0000000726e00000, 0x0000000726e00000|100%| E|CS|TAMS 0x0000000726c00000, 0x0000000726c00000| Complete 
| 275|0x0000000726e00000, 0x0000000727000000, 0x0000000727000000|100%| E|CS|TAMS 0x0000000726e00000, 0x0000000726e00000| Complete 
| 276|0x0000000727000000, 0x0000000727200000, 0x0000000727200000|100%| E|CS|TAMS 0x0000000727000000, 0x0000000727000000| Complete 
| 277|0x0000000727200000, 0x0000000727400000, 0x0000000727400000|100%| E|CS|TAMS 0x0000000727200000, 0x0000000727200000| Complete 
| 278|0x0000000727400000, 0x0000000727600000, 0x0000000727600000|100%| E|CS|TAMS 0x0000000727400000, 0x0000000727400000| Complete 
| 279|0x0000000727600000, 0x0000000727800000, 0x0000000727800000|100%| E|CS|TAMS 0x0000000727600000, 0x0000000727600000| Complete 
| 280|0x0000000727800000, 0x0000000727a00000, 0x0000000727a00000|100%| E|CS|TAMS 0x0000000727800000, 0x0000000727800000| Complete 
| 281|0x0000000727a00000, 0x0000000727c00000, 0x0000000727c00000|100%| E|CS|TAMS 0x0000000727a00000, 0x0000000727a00000| Complete 
| 282|0x0000000727c00000, 0x0000000727e00000, 0x0000000727e00000|100%| E|CS|TAMS 0x0000000727c00000, 0x0000000727c00000| Complete 
| 283|0x0000000727e00000, 0x0000000728000000, 0x0000000728000000|100%| E|CS|TAMS 0x0000000727e00000, 0x0000000727e00000| Complete 
| 284|0x0000000728000000, 0x0000000728200000, 0x0000000728200000|100%| E|CS|TAMS 0x0000000728000000, 0x0000000728000000| Complete 
| 285|0x0000000728200000, 0x0000000728400000, 0x0000000728400000|100%| E|CS|TAMS 0x0000000728200000, 0x0000000728200000| Complete 
| 286|0x0000000728400000, 0x0000000728600000, 0x0000000728600000|100%| E|CS|TAMS 0x0000000728400000, 0x0000000728400000| Complete 
| 287|0x0000000728600000, 0x0000000728800000, 0x0000000728800000|100%| E|CS|TAMS 0x0000000728600000, 0x0000000728600000| Complete 
| 288|0x0000000728800000, 0x0000000728a00000, 0x0000000728a00000|100%| E|CS|TAMS 0x0000000728800000, 0x0000000728800000| Complete 
| 289|0x0000000728a00000, 0x0000000728c00000, 0x0000000728c00000|100%| E|CS|TAMS 0x0000000728a00000, 0x0000000728a00000| Complete 
| 290|0x0000000728c00000, 0x0000000728e00000, 0x0000000728e00000|100%| E|CS|TAMS 0x0000000728c00000, 0x0000000728c00000| Complete 
| 291|0x0000000728e00000, 0x0000000729000000, 0x0000000729000000|100%| E|CS|TAMS 0x0000000728e00000, 0x0000000728e00000| Complete 
| 292|0x0000000729000000, 0x0000000729200000, 0x0000000729200000|100%| E|CS|TAMS 0x0000000729000000, 0x0000000729000000| Complete 
| 293|0x0000000729200000, 0x0000000729400000, 0x0000000729400000|100%| E|CS|TAMS 0x0000000729200000, 0x0000000729200000| Complete 
| 294|0x0000000729400000, 0x0000000729600000, 0x0000000729600000|100%| E|CS|TAMS 0x0000000729400000, 0x0000000729400000| Complete 
| 295|0x0000000729600000, 0x0000000729800000, 0x0000000729800000|100%| E|CS|TAMS 0x0000000729600000, 0x0000000729600000| Complete 
| 296|0x0000000729800000, 0x0000000729a00000, 0x0000000729a00000|100%| E|CS|TAMS 0x0000000729800000, 0x0000000729800000| Complete 
| 297|0x0000000729a00000, 0x0000000729c00000, 0x0000000729c00000|100%| E|CS|TAMS 0x0000000729a00000, 0x0000000729a00000| Complete 
| 298|0x0000000729c00000, 0x0000000729e00000, 0x0000000729e00000|100%| E|CS|TAMS 0x0000000729c00000, 0x0000000729c00000| Complete 
| 299|0x0000000729e00000, 0x000000072a000000, 0x000000072a000000|100%| E|CS|TAMS 0x0000000729e00000, 0x0000000729e00000| Complete 
| 300|0x000000072a000000, 0x000000072a200000, 0x000000072a200000|100%| E|CS|TAMS 0x000000072a000000, 0x000000072a000000| Complete 
| 301|0x000000072a200000, 0x000000072a400000, 0x000000072a400000|100%| E|CS|TAMS 0x000000072a200000, 0x000000072a200000| Complete 
| 302|0x000000072a400000, 0x000000072a600000, 0x000000072a600000|100%| E|CS|TAMS 0x000000072a400000, 0x000000072a400000| Complete 

Card table byte_map: [0x000001db722b0000,0x000001db72a90000] _byte_map_base: 0x000001db6ea8c000

Marking Bits (Prev, Next): (CMBitMap*) 0x000001db69abb970, (CMBitMap*) 0x000001db69abb930
 Prev Bits: [0x000001db77150000, 0x000001db7b030000)
 Next Bits: [0x000001db73270000, 0x000001db77150000)

Polling page: 0x000001db676a0000

Metaspace:

Usage:
  Non-class:     70.61 MB used.
      Class:      8.68 MB used.
       Both:     79.29 MB used.

Virtual space:
  Non-class space:      128.00 MB reserved,      70.94 MB ( 55%) committed,  2 nodes.
      Class space:        1.00 GB reserved,       9.00 MB ( <1%) committed,  1 nodes.
             Both:        1.12 GB reserved,      79.94 MB (  7%) committed. 

Chunk freelists:
   Non-Class:  8.86 MB
       Class:  7.01 MB
        Both:  15.87 MB

MaxMetaspaceSize: unlimited
CompressedClassSpaceSize: 1.00 GB
Initial GC threshold: 21.00 MB
Current GC threshold: 128.69 MB
CDS: on
MetaspaceReclaimPolicy: balanced
 - commit_granule_bytes: 65536.
 - commit_granule_words: 8192.
 - virtual_space_node_default_size: 8388608.
 - enlarge_chunks_in_place: 1.
 - new_chunks_are_fully_committed: 0.
 - uncommit_free_chunks: 1.
 - use_allocation_guard: 0.
 - handle_deallocations: 1.


Internal statistics:

num_allocs_failed_limit: 6.
num_arena_births: 1116.
num_arena_deaths: 0.
num_vsnodes_births: 3.
num_vsnodes_deaths: 0.
num_space_committed: 1277.
num_space_uncommitted: 0.
num_chunks_returned_to_freelist: 6.
num_chunks_taken_from_freelist: 4360.
num_chunk_merges: 6.
num_chunk_splits: 3094.
num_chunks_enlarged: 2311.
num_inconsistent_stats: 0.

CodeHeap 'non-profiled nmethods': size=120000Kb used=18374Kb max_used=18374Kb free=101625Kb
 bounds [0x000001db07ad0000, 0x000001db08cd0000, 0x000001db0f000000]
CodeHeap 'profiled nmethods': size=120000Kb used=44254Kb max_used=44574Kb free=75745Kb
 bounds [0x000001db00000000, 0x000001db02bc0000, 0x000001db07530000]
CodeHeap 'non-nmethods': size=5760Kb used=1396Kb max_used=1492Kb free=4363Kb
 bounds [0x000001db07530000, 0x000001db077a0000, 0x000001db07ad0000]
 total_blobs=16596 nmethods=15872 adapters=632
 compilation: enabled
              stopped_count=0, restarted_count=0
 full_count=0

Compilation events (20 events):
Event: 59.745 Thread 0x000001db7dd0db30 21541       3       org.jetbrains.kotlin.resolve.calls.ArgumentTypeResolver::isFunctionLiteralOrCallableReference (27 bytes)
Event: 59.745 Thread 0x000001db7dd0db30 nmethod 21541 0x000001db012bef90 code [0x000001db012bf140, 0x000001db012bf348]
Event: 59.746 Thread 0x000001db7dd0db30 21542       3       org.jetbrains.kotlin.resolve.calls.ArgumentTypeResolver::isFunctionLiteralOrCallableReference (40 bytes)
Event: 59.746 Thread 0x000001db7dd0db30 nmethod 21542 0x000001db01af0d90 code [0x000001db01af0fc0, 0x000001db01af1578]
Event: 59.748 Thread 0x000001db7dd0db30 21543       3       org.jetbrains.kotlin.load.java.components.LazyResolveBasedCache::recordConstructor (54 bytes)
Event: 59.749 Thread 0x000001db7dd0db30 nmethod 21543 0x000001db01588210 code [0x000001db01588520, 0x000001db01589658]
Event: 59.779 Thread 0x000001db7dd0db30 21545       3       org.javacs.kt.index.SymbolIndex$$Lambda$1288/0x000001db108f7c70::invoke (16 bytes)
Event: 59.780 Thread 0x000001db7dd0db30 nmethod 21545 0x000001db01af0790 code [0x000001db01af0940, 0x000001db01af0b88]
Event: 59.780 Thread 0x000001db7dd0db30 21546       3       org.javacs.kt.index.SymbolIndex::allPackages$lambda$20 (30 bytes)
Event: 59.782 Thread 0x000001db7dd0db30 nmethod 21546 0x000001db01584190 code [0x000001db01584700, 0x000001db01587418]
Event: 59.783 Thread 0x000001db7dd0db30 21547       3       org.javacs.kt.index.SymbolIndex$allDescriptors$1::invoke (9 bytes)
Event: 59.783 Thread 0x000001db7dd0db30 nmethod 21547 0x000001db0084a010 code [0x000001db0084a240, 0x000001db0084ab48]
Event: 59.783 Thread 0x000001db7dd0db30 21548       3       org.javacs.kt.index.SymbolIndex$allDescriptors$1::invoke (20 bytes)
Event: 59.784 Thread 0x000001db7dd0db30 nmethod 21548 0x000001db01a20310 code [0x000001db01a20540, 0x000001db01a20cc8]
Event: 59.784 Thread 0x000001db7dd0db30 21549       3       org.javacs.kt.index.SymbolIndex$$Lambda$1289/0x000001db108f83b0::invoke (12 bytes)
Event: 59.784 Thread 0x000001db7dd0db30 nmethod 21549 0x000001db01a1fd10 code [0x000001db01a1fec0, 0x000001db01a20108]
Event: 59.784 Thread 0x000001db7dd0db30 21550   !   3       org.javacs.kt.index.SymbolIndex::allDescriptors$lambda$18 (61 bytes)
Event: 59.785 Thread 0x000001db7dd0db30 nmethod 21550 0x000001db01c52290 code [0x000001db01c525e0, 0x000001db01c53a78]
Event: 59.785 Thread 0x000001db7dd0db30 21551       3       org.javacs.kt.index.SymbolIndex$$Lambda$1290/0x000001db108f85d0::<init> (10 bytes)
Event: 59.786 Thread 0x000001db7dd0db30 nmethod 21551 0x000001db0001b690 code [0x000001db0001b820, 0x000001db0001b9d8]

GC Heap History (20 events):
Event: 53.200 GC heap before
{Heap before GC invocations=86 (full 0):
 garbage-first heap   total 430080K, used 350703K [0x0000000704800000, 0x0000000800000000)
  region size 2048K, 42 young (86016K), 6 survivors (12288K)
 Metaspace       used 80744K, committed 81408K, reserved 1179648K
  class space    used 8877K, committed 9216K, reserved 1048576K
}
Event: 53.210 GC heap after
{Heap after GC invocations=87 (full 0):
 garbage-first heap   total 430080K, used 289117K [0x0000000704800000, 0x0000000800000000)
  region size 2048K, 5 young (10240K), 5 survivors (10240K)
 Metaspace       used 80744K, committed 81408K, reserved 1179648K
  class space    used 8877K, committed 9216K, reserved 1048576K
}
Event: 53.685 GC heap before
{Heap before GC invocations=87 (full 0):
 garbage-first heap   total 430080K, used 356701K [0x0000000704800000, 0x0000000800000000)
  region size 2048K, 38 young (77824K), 5 survivors (10240K)
 Metaspace       used 80763K, committed 81472K, reserved 1179648K
  class space    used 8877K, committed 9216K, reserved 1048576K
}
Event: 53.695 GC heap after
{Heap after GC invocations=88 (full 0):
 garbage-first heap   total 430080K, used 297686K [0x0000000704800000, 0x0000000800000000)
  region size 2048K, 5 young (10240K), 5 survivors (10240K)
 Metaspace       used 80763K, committed 81472K, reserved 1179648K
  class space    used 8877K, committed 9216K, reserved 1048576K
}
Event: 54.016 GC heap before
{Heap before GC invocations=88 (full 0):
 garbage-first heap   total 430080K, used 359126K [0x0000000704800000, 0x0000000800000000)
  region size 2048K, 36 young (73728K), 5 survivors (10240K)
 Metaspace       used 80778K, committed 81472K, reserved 1179648K
  class space    used 8877K, committed 9216K, reserved 1048576K
}
Event: 54.026 GC heap after
{Heap after GC invocations=89 (full 0):
 garbage-first heap   total 516096K, used 307375K [0x0000000704800000, 0x0000000800000000)
  region size 2048K, 5 young (10240K), 5 survivors (10240K)
 Metaspace       used 80778K, committed 81472K, reserved 1179648K
  class space    used 8877K, committed 9216K, reserved 1048576K
}
Event: 54.576 GC heap before
{Heap before GC invocations=89 (full 0):
 garbage-first heap   total 516096K, used 417967K [0x0000000704800000, 0x0000000800000000)
  region size 2048K, 59 young (120832K), 5 survivors (10240K)
 Metaspace       used 80824K, committed 81536K, reserved 1179648K
  class space    used 8880K, committed 9216K, reserved 1048576K
}
Event: 54.587 GC heap after
{Heap after GC invocations=90 (full 0):
 garbage-first heap   total 516096K, used 323065K [0x0000000704800000, 0x0000000800000000)
  region size 2048K, 8 young (16384K), 8 survivors (16384K)
 Metaspace       used 80824K, committed 81536K, reserved 1179648K
  class space    used 8880K, committed 9216K, reserved 1048576K
}
Event: 55.266 GC heap before
{Heap before GC invocations=90 (full 0):
 garbage-first heap   total 516096K, used 421369K [0x0000000704800000, 0x0000000800000000)
  region size 2048K, 56 young (114688K), 8 survivors (16384K)
 Metaspace       used 80892K, committed 81600K, reserved 1179648K
  class space    used 8880K, committed 9216K, reserved 1048576K
}
Event: 55.280 GC heap after
{Heap after GC invocations=91 (full 0):
 garbage-first heap   total 516096K, used 338468K [0x0000000704800000, 0x0000000800000000)
  region size 2048K, 7 young (14336K), 7 survivors (14336K)
 Metaspace       used 80892K, committed 81600K, reserved 1179648K
  class space    used 8880K, committed 9216K, reserved 1048576K
}
Event: 55.669 GC heap before
{Heap before GC invocations=91 (full 0):
 garbage-first heap   total 516096K, used 424484K [0x0000000704800000, 0x0000000800000000)
  region size 2048K, 50 young (102400K), 7 survivors (14336K)
 Metaspace       used 80936K, committed 81600K, reserved 1179648K
  class space    used 8881K, committed 9216K, reserved 1048576K
}
Event: 55.683 GC heap after
{Heap after GC invocations=92 (full 0):
 garbage-first heap   total 516096K, used 354170K [0x0000000704800000, 0x0000000800000000)
  region size 2048K, 7 young (14336K), 7 survivors (14336K)
 Metaspace       used 80936K, committed 81600K, reserved 1179648K
  class space    used 8881K, committed 9216K, reserved 1048576K
}
Event: 56.303 GC heap before
{Heap before GC invocations=92 (full 0):
 garbage-first heap   total 516096K, used 431994K [0x0000000704800000, 0x0000000800000000)
  region size 2048K, 45 young (92160K), 7 survivors (14336K)
 Metaspace       used 80998K, committed 81664K, reserved 1179648K
  class space    used 8881K, committed 9216K, reserved 1048576K
}
Event: 56.318 GC heap after
{Heap after GC invocations=93 (full 0):
 garbage-first heap   total 620544K, used 366873K [0x0000000704800000, 0x0000000800000000)
  region size 2048K, 6 young (12288K), 6 survivors (12288K)
 Metaspace       used 80998K, committed 81664K, reserved 1179648K
  class space    used 8881K, committed 9216K, reserved 1048576K
}
Event: 57.104 GC heap before
{Heap before GC invocations=93 (full 0):
 garbage-first heap   total 620544K, used 504089K [0x0000000704800000, 0x0000000800000000)
  region size 2048K, 74 young (151552K), 6 survivors (12288K)
 Metaspace       used 81039K, committed 81664K, reserved 1179648K
  class space    used 8881K, committed 9216K, reserved 1048576K
}
Event: 57.121 GC heap after
{Heap after GC invocations=94 (full 0):
 garbage-first heap   total 620544K, used 389390K [0x0000000704800000, 0x0000000800000000)
  region size 2048K, 10 young (20480K), 10 survivors (20480K)
 Metaspace       used 81039K, committed 81664K, reserved 1179648K
  class space    used 8881K, committed 9216K, reserved 1048576K
}
Event: 58.430 GC heap before
{Heap before GC invocations=94 (full 0):
 garbage-first heap   total 620544K, used 508174K [0x0000000704800000, 0x0000000800000000)
  region size 2048K, 68 young (139264K), 10 survivors (20480K)
 Metaspace       used 81082K, committed 81728K, reserved 1179648K
  class space    used 8882K, committed 9216K, reserved 1048576K
}
Event: 58.450 GC heap after
{Heap after GC invocations=95 (full 0):
 garbage-first heap   total 620544K, used 410127K [0x0000000704800000, 0x0000000800000000)
  region size 2048K, 9 young (18432K), 9 survivors (18432K)
 Metaspace       used 81082K, committed 81728K, reserved 1179648K
  class space    used 8882K, committed 9216K, reserved 1048576K
}
Event: 59.132 GC heap before
{Heap before GC invocations=95 (full 0):
 garbage-first heap   total 620544K, used 512527K [0x0000000704800000, 0x0000000800000000)
  region size 2048K, 59 young (120832K), 9 survivors (18432K)
 Metaspace       used 81139K, committed 81792K, reserved 1179648K
  class space    used 8883K, committed 9216K, reserved 1048576K
}
Event: 59.147 GC heap after
{Heap after GC invocations=96 (full 0):
 garbage-first heap   total 620544K, used 427104K [0x0000000704800000, 0x0000000800000000)
  region size 2048K, 8 young (16384K), 8 survivors (16384K)
 Metaspace       used 81139K, committed 81792K, reserved 1179648K
  class space    used 8883K, committed 9216K, reserved 1048576K
}

Dll operation events (8 events):
Event: 0.033 Loaded shared library C:\Program Files\Microsoft\jdk-17.0.13.11-hotspot\bin\java.dll
Event: 0.096 Loaded shared library C:\Program Files\Microsoft\jdk-17.0.13.11-hotspot\bin\jsvml.dll
Event: 0.181 Loaded shared library C:\Program Files\Microsoft\jdk-17.0.13.11-hotspot\bin\net.dll
Event: 0.185 Loaded shared library C:\Program Files\Microsoft\jdk-17.0.13.11-hotspot\bin\nio.dll
Event: 0.192 Loaded shared library C:\Program Files\Microsoft\jdk-17.0.13.11-hotspot\bin\zip.dll
Event: 0.366 Loaded shared library C:\Program Files\Microsoft\jdk-17.0.13.11-hotspot\bin\jimage.dll
Event: 2.530 Loaded shared library C:\Program Files\Microsoft\jdk-17.0.13.11-hotspot\bin\verify.dll
Event: 5.266 Loaded shared library C:\Windows\Temp\sqlite-3.41.2.1-12c8e44a-4b54-44f3-95a1-8533cab8636d-sqlitejdbc.dll

Deoptimization events (20 events):
Event: 58.119 Thread 0x000001db5cac4510 Uncommon trap: trap_request=0xffffff66 fr.pc=0x000001db08c45d44 relative=0x0000000000001364
Event: 58.119 Thread 0x000001db5cac4510 Uncommon trap: reason=speculate_class_check action=maybe_recompile pc=0x000001db08c45d44 method=org.jetbrains.kotlin.builtins.KotlinBuiltIns.isConstructedFromGivenClass(Lorg/jetbrains/kotlin/types/KotlinType;Lorg/jetbrains/kotlin/name/FqNameUnsafe;)Z @ 19
Event: 58.119 Thread 0x000001db5cac4510 DEOPT PACKING pc=0x000001db08c45d44 sp=0x0000004cf0ffc570
Event: 58.119 Thread 0x000001db5cac4510 DEOPT UNPACKING pc=0x000001db075869a3 sp=0x0000004cf0ffc390 mode 2
Event: 58.130 Thread 0x000001db5cac4510 Uncommon trap: trap_request=0xffffff66 fr.pc=0x000001db08c45d44 relative=0x0000000000001364
Event: 58.130 Thread 0x000001db5cac4510 Uncommon trap: reason=speculate_class_check action=maybe_recompile pc=0x000001db08c45d44 method=org.jetbrains.kotlin.builtins.KotlinBuiltIns.isConstructedFromGivenClass(Lorg/jetbrains/kotlin/types/KotlinType;Lorg/jetbrains/kotlin/name/FqNameUnsafe;)Z @ 19
Event: 58.130 Thread 0x000001db5cac4510 DEOPT PACKING pc=0x000001db08c45d44 sp=0x0000004cf0ffc570
Event: 58.130 Thread 0x000001db5cac4510 DEOPT UNPACKING pc=0x000001db075869a3 sp=0x0000004cf0ffc390 mode 2
Event: 58.574 Thread 0x000001db5cac4510 DEOPT PACKING pc=0x000001db0202afa5 sp=0x0000004cf0ffe9a0
Event: 58.574 Thread 0x000001db5cac4510 DEOPT UNPACKING pc=0x000001db07587143 sp=0x0000004cf0ffde88 mode 0
Event: 58.587 Thread 0x000001db5cac4510 DEOPT PACKING pc=0x000001db01c829cd sp=0x0000004cf0ffe7b0
Event: 58.587 Thread 0x000001db5cac4510 DEOPT UNPACKING pc=0x000001db07587143 sp=0x0000004cf0ffdce8 mode 0
Event: 58.685 Thread 0x000001db7ed0c1e0 DEOPT PACKING pc=0x000001db02a6060a sp=0x0000004cf07fe9a0
Event: 58.685 Thread 0x000001db7ed0c1e0 DEOPT UNPACKING pc=0x000001db07587143 sp=0x0000004cf07fdea8 mode 0
Event: 59.086 Thread 0x000001db5cac8bf0 DEOPT PACKING pc=0x000001db02606382 sp=0x0000004cf10fd8a0
Event: 59.086 Thread 0x000001db5cac8bf0 DEOPT UNPACKING pc=0x000001db07587143 sp=0x0000004cf10fcd70 mode 0
Event: 59.543 Thread 0x000001db7ed0c1e0 DEOPT PACKING pc=0x000001db02a6060a sp=0x0000004cf07fe9a0
Event: 59.543 Thread 0x000001db7ed0c1e0 DEOPT UNPACKING pc=0x000001db07587143 sp=0x0000004cf07fdea8 mode 0
Event: 59.601 Thread 0x000001db5cac8bf0 DEOPT PACKING pc=0x000001db00c56f5d sp=0x0000004cf10fa6c0
Event: 59.601 Thread 0x000001db5cac8bf0 DEOPT UNPACKING pc=0x000001db07587143 sp=0x0000004cf10f9b88 mode 0

Classes loaded (20 events):
Event: 14.441 Loading class java/util/stream/SortedOps
Event: 14.442 Loading class java/util/stream/SortedOps done
Event: 14.442 Loading class java/util/stream/SortedOps$OfRef
Event: 14.442 Loading class java/util/stream/SortedOps$OfRef done
Event: 14.443 Loading class java/util/stream/SortedOps$RefSortingSink
Event: 14.444 Loading class java/util/stream/SortedOps$AbstractRefSortingSink
Event: 14.445 Loading class java/util/stream/SortedOps$AbstractRefSortingSink done
Event: 14.445 Loading class java/util/stream/SortedOps$RefSortingSink done
Event: 20.013 Loading class java/util/function/IntBinaryOperator
Event: 20.013 Loading class java/util/function/IntBinaryOperator done
Event: 22.916 Loading class jdk/internal/reflect/UnsafeIntegerFieldAccessorImpl
Event: 22.916 Loading class jdk/internal/reflect/UnsafeIntegerFieldAccessorImpl done
Event: 22.957 Loading class java/util/regex/Pattern$1
Event: 22.957 Loading class java/util/regex/Pattern$1 done
Event: 23.032 Loading class java/util/concurrent/CompletionException
Event: 23.032 Loading class java/util/concurrent/CompletionException done
Event: 27.183 Loading class java/util/concurrent/ExecutionException
Event: 27.184 Loading class java/util/concurrent/ExecutionException done
Event: 35.018 Loading class java/util/concurrent/locks/ReentrantReadWriteLock$Sync$HoldCounter
Event: 35.019 Loading class java/util/concurrent/locks/ReentrantReadWriteLock$Sync$HoldCounter done

Classes unloaded (0 events):
No events

Classes redefined (0 events):
No events

Internal exceptions (20 events):
Event: 15.797 Thread 0x000001db7ed0b7c0 Exception <a 'java/lang/NoSuchMethodError'{0x000000070985a2c8}: 'java.lang.Object java.lang.invoke.DirectMethodHandle$Holder.newInvokeSpecial(java.lang.Object, int, java.lang.Object, java.lang.Object)'> (0x000000070985a2c8) 
thrown [s\src\hotspot\share\interpreter\linkResolver.cpp, line 759]
Event: 15.797 Thread 0x000001db7ed0b7c0 Exception <a 'java/lang/NoSuchMethodError'{0x000000070985ee70}: 'java.lang.Object java.lang.invoke.DirectMethodHandle$Holder.invokeSpecial(java.lang.Object, java.lang.Object, int, java.lang.Object, java.lang.Object)'> (0x000000070985ee70) 
thrown [s\src\hotspot\share\interpreter\linkResolver.cpp, line 759]
Event: 16.229 Thread 0x000001db7ed0b7c0 Exception <a 'java/lang/NoSuchMethodError'{0x00000007097fc488}: 'java.lang.Object java.lang.invoke.DirectMethodHandle$Holder.newInvokeSpecial(java.lang.Object, java.lang.Object, java.lang.Object, java.lang.Object, java.lang.Object, java.lang.Object, java.lang.Object, java.lang.Object, java.lang.Object, java.lang.Object, java.lang.Object)'> (0x00000007097fc488) 
thrown [s\src\hotspot\share\interpreter\linkResolver.cpp, line 759]
Event: 16.238 Thread 0x000001db7ed0b7c0 Exception <a 'java/lang/NoSuchMethodError'{0x0000000714201e60}: 'java.lang.Object java.lang.invoke.DirectMethodHandle$Holder.invokeSpecial(java.lang.Object, java.lang.Object, java.lang.Object, java.lang.Object, java.lang.Object, java.lang.Object, java.lang.Object, java.lang.Object, java.lang.Object, java.lang.Object, java.lang.Object, java.lang.Object)'> (0x0000000714201e60) 
thrown [s\src\hotspot\share\interpreter\linkResolver.cpp, line 759]
Event: 16.238 Thread 0x000001db7ed0b7c0 Exception <a 'java/lang/NoSuchMethodError'{0x0000000714206d00}: 'java.lang.Object java.lang.invoke.Invokers$Holder.linkToTargetMethod(java.lang.Object, java.lang.Object, java.lang.Object, java.lang.Object, java.lang.Object, java.lang.Object, java.lang.Object, java.lang.Object, java.lang.Object, java.lang.Object, java.lang.Object)'> (0x0000000714206d00) 
thrown [s\src\hotspot\share\interpreter\linkResolver.cpp, line 759]
Event: 17.468 Thread 0x000001db7ed0b7c0 Exception <a 'java/lang/NoSuchMethodError'{0x000000070aba0978}: 'java.lang.Object java.lang.invoke.DirectMethodHandle$Holder.invokeStatic(java.lang.Object, int, int, java.lang.Object)'> (0x000000070aba0978) 
thrown [s\src\hotspot\share\interpreter\linkResolver.cpp, line 759]
Event: 19.404 Thread 0x000001db7ed0b7c0 Exception <a 'java/lang/NoSuchMethodError'{0x000000070ba6b500}: 'java.lang.Object java.lang.invoke.DirectMethodHandle$Holder.invokeStatic(java.lang.Object, java.lang.Object, int, java.lang.Object)'> (0x000000070ba6b500) 
thrown [s\src\hotspot\share\interpreter\linkResolver.cpp, line 759]
Event: 19.406 Thread 0x000001db7ed0b7c0 Exception <a 'java/lang/NoSuchMethodError'{0x000000070ba734d8}: 'java.lang.Object java.lang.invoke.DirectMethodHandle$Holder.newInvokeSpecial(java.lang.Object, java.lang.Object, int, java.lang.Object)'> (0x000000070ba734d8) 
thrown [s\src\hotspot\share\interpreter\linkResolver.cpp, line 759]
Event: 19.407 Thread 0x000001db7ed0b7c0 Exception <a 'java/lang/NoSuchMethodError'{0x000000070ba77b30}: 'java.lang.Object java.lang.invoke.DirectMethodHandle$Holder.invokeSpecial(java.lang.Object, java.lang.Object, java.lang.Object, int, java.lang.Object)'> (0x000000070ba77b30) 
thrown [s\src\hotspot\share\interpreter\linkResolver.cpp, line 759]
Event: 19.408 Thread 0x000001db7ed0b7c0 Exception <a 'java/lang/NoSuchMethodError'{0x000000070ba7ba58}: 'java.lang.Object java.lang.invoke.Invokers$Holder.linkToTargetMethod(java.lang.Object, int, java.lang.Object, java.lang.Object)'> (0x000000070ba7ba58) 
thrown [s\src\hotspot\share\interpreter\linkResolver.cpp, line 759]
Event: 23.097 Thread 0x000001db5cac4510 Exception <a 'java/lang/NoSuchMethodError'{0x000000070c77d7c0}: 'java.lang.Object java.lang.invoke.DirectMethodHandle$Holder.invokeSpecial(java.lang.Object, java.lang.Object, java.lang.Object, int, int)'> (0x000000070c77d7c0) 
thrown [s\src\hotspot\share\interpreter\linkResolver.cpp, line 759]
Event: 23.098 Thread 0x000001db5cac4510 Exception <a 'java/lang/NoSuchMethodError'{0x000000070c780e40}: 'java.lang.Object java.lang.invoke.Invokers$Holder.linkToTargetMethod(java.lang.Object, int, int, java.lang.Object)'> (0x000000070c780e40) 
thrown [s\src\hotspot\share\interpreter\linkResolver.cpp, line 759]
Event: 23.699 Thread 0x000001db7ed0b7c0 Implicit null exception at 0x000001db07d7d9bc to 0x000001db07d7f0f8
Event: 26.059 Thread 0x000001db5cac4510 Exception <a 'java/lang/NoSuchMethodError'{0x000000070e0e7148}: 'java.lang.Object java.lang.invoke.DirectMethodHandle$Holder.invokeInterface(java.lang.Object, java.lang.Object, java.lang.Object)'> (0x000000070e0e7148) 
thrown [s\src\hotspot\share\interpreter\linkResolver.cpp, line 759]
Event: 26.060 Thread 0x000001db5cac4510 Exception <a 'java/lang/IncompatibleClassChangeError'{0x000000070e0eb2b0}: Found class java.lang.Object, but interface was expected> (0x000000070e0eb2b0) 
thrown [s\src\hotspot\share\interpreter\linkResolver.cpp, line 826]
Event: 26.497 Thread 0x000001db5cac4510 Implicit null exception at 0x000001db07fd9f54 to 0x000001db07fda320
Event: 27.080 Thread 0x000001db5cac4510 Exception <a 'java/lang/IncompatibleClassChangeError'{0x000000070ff326f0}: Found class java.lang.Object, but interface was expected> (0x000000070ff326f0) 
thrown [s\src\hotspot\share\interpreter\linkResolver.cpp, line 826]
Event: 27.081 Thread 0x000001db5cac4510 Exception <a 'java/lang/NoSuchMethodError'{0x000000070ff35be0}: 'int java.lang.invoke.DirectMethodHandle$Holder.invokeSpecialIFC(java.lang.Object, java.lang.Object, java.lang.Object)'> (0x000000070ff35be0) 
thrown [s\src\hotspot\share\interpreter\linkResolver.cpp, line 759]
Event: 31.779 Thread 0x000001db5cac8bf0 Implicit null exception at 0x000001db082939a8 to 0x000001db08294d74
Event: 52.563 Thread 0x000001db60df3530 Implicit null exception at 0x000001db07cbf62c to 0x000001db07cbf6bc

VM Operations (20 events):
Event: 54.795 Executing VM operation: HandshakeAllThreads
Event: 54.795 Executing VM operation: HandshakeAllThreads done
Event: 54.872 Executing VM operation: HandshakeAllThreads
Event: 54.872 Executing VM operation: HandshakeAllThreads done
Event: 55.266 Executing VM operation: G1CollectForAllocation
Event: 55.281 Executing VM operation: G1CollectForAllocation done
Event: 55.669 Executing VM operation: G1CollectForAllocation
Event: 55.683 Executing VM operation: G1CollectForAllocation done
Event: 56.303 Executing VM operation: G1CollectForAllocation
Event: 56.318 Executing VM operation: G1CollectForAllocation done
Event: 57.103 Executing VM operation: G1CollectForAllocation
Event: 57.121 Executing VM operation: G1CollectForAllocation done
Event: 58.135 Executing VM operation: Cleanup
Event: 58.152 Executing VM operation: Cleanup done
Event: 58.154 Executing VM operation: HandshakeAllThreads
Event: 58.154 Executing VM operation: HandshakeAllThreads done
Event: 58.430 Executing VM operation: G1CollectForAllocation
Event: 58.450 Executing VM operation: G1CollectForAllocation done
Event: 59.132 Executing VM operation: G1CollectForAllocation
Event: 59.147 Executing VM operation: G1CollectForAllocation done

Memory protections (0 events):
No events

Nmethod flushes (20 events):
Event: 54.922 Thread 0x000001db7dd12970 flushing  nmethod 0x000001db0291e090
Event: 54.923 Thread 0x000001db7dd12970 flushing  nmethod 0x000001db02a42990
Event: 54.923 Thread 0x000001db7dd12970 flushing  nmethod 0x000001db02a4e590
Event: 54.923 Thread 0x000001db7dd12970 flushing  nmethod 0x000001db02a59690
Event: 54.923 Thread 0x000001db7dd12970 flushing  nmethod 0x000001db02a6b390
Event: 54.923 Thread 0x000001db7dd12970 flushing  nmethod 0x000001db02a73690
Event: 54.923 Thread 0x000001db7dd12970 flushing  nmethod 0x000001db02a79210
Event: 54.923 Thread 0x000001db7dd12970 flushing  nmethod 0x000001db02a80310
Event: 54.923 Thread 0x000001db7dd12970 flushing  nmethod 0x000001db02a83890
Event: 54.923 Thread 0x000001db7dd12970 flushing  nmethod 0x000001db02a85010
Event: 54.923 Thread 0x000001db7dd12970 flushing  nmethod 0x000001db02a85d90
Event: 54.924 Thread 0x000001db7dd12970 flushing  nmethod 0x000001db02ad9f10
Event: 58.169 Thread 0x000001db7dd12970 flushing  nmethod 0x000001db002b5d90
Event: 58.178 Thread 0x000001db7dd12970 flushing  nmethod 0x000001db0096bd90
Event: 58.185 Thread 0x000001db7dd12970 flushing  nmethod 0x000001db00e00410
Event: 58.189 Thread 0x000001db7dd12970 flushing  nmethod 0x000001db01192c10
Event: 58.189 Thread 0x000001db7dd12970 flushing  nmethod 0x000001db011ed790
Event: 58.192 Thread 0x000001db7dd12970 flushing  nmethod 0x000001db0145e690
Event: 58.202 Thread 0x000001db7dd12970 flushing  nmethod 0x000001db01da4690
Event: 58.209 Thread 0x000001db7dd12970 flushing  nmethod 0x000001db023b6210

Events (20 events):
Event: 0.118 Thread 0x000001db69a4d9d0 Thread added: 0x000001db7dd0a8d0
Event: 0.118 Thread 0x000001db69a4d9d0 Thread added: 0x000001db7dd0db30
Event: 0.119 Thread 0x000001db69a4d9d0 Thread added: 0x000001db7dd12970
Event: 0.175 Thread 0x000001db69a4d9d0 Thread added: 0x000001db7de3dd00
Event: 0.177 Thread 0x000001db69a4d9d0 Thread added: 0x000001db7de46ec0
Event: 4.164 Thread 0x000001db69a4d9d0 Thread added: 0x000001db7ed0d110
Event: 4.166 Thread 0x000001db7ed0d110 Thread exited: 0x000001db7ed0d110
Event: 4.707 Thread 0x000001db69a4d9d0 Thread added: 0x000001db7ed0c1e0
Event: 4.707 Thread 0x000001db69a4d9d0 Thread exited: 0x000001db69a4d9d0
Event: 4.707 Thread 0x000001db7ed0e040 Thread added: 0x000001db7ed0e040
Event: 4.834 Thread 0x000001db7ed0c1e0 Thread added: 0x000001db7ed0d620
Event: 6.301 Thread 0x000001db7ed0d620 Thread added: 0x000001db7ed0db30
Event: 6.757 Thread 0x000001db7ed0d620 Thread added: 0x000001db7ed0b7c0
Event: 11.673 Thread 0x000001db7dd0db30 Thread added: 0x000001db5e8c1950
Event: 11.679 Thread 0x000001db7ed0b7c0 Thread added: 0x000001db5cac4a20
Event: 19.690 Thread 0x000001db7dd0db30 Thread added: 0x000001db5e70d720
Event: 22.961 Thread 0x000001db7ed0c1e0 Thread added: 0x000001db5cac4510
Event: 23.031 Thread 0x000001db7ed0c1e0 Thread added: 0x000001db5cac8bf0
Event: 49.566 Thread 0x000001db5cac4a20 Thread added: 0x000001db60df3530
Event: 59.065 Thread 0x000001db5e70d720 Thread exited: 0x000001db5e70d720


Dynamic libraries:
0x00007ff7027e0000 - 0x00007ff7027ee000 	C:\Program Files\Microsoft\jdk-17.0.13.11-hotspot\bin\java.exe
0x00007ffdd33d0000 - 0x00007ffdd35e7000 	C:\Windows\SYSTEM32\ntdll.dll
0x00007ffdd23b0000 - 0x00007ffdd2473000 	C:\Windows\System32\KERNEL32.DLL
0x00007ffdd0880000 - 0x00007ffdd0c53000 	C:\Windows\System32\KERNELBASE.dll
0x00007ffdd0f40000 - 0x00007ffdd1051000 	C:\Windows\System32\ucrtbase.dll
0x00007ffd957d0000 - 0x00007ffd957e7000 	C:\Program Files\Microsoft\jdk-17.0.13.11-hotspot\bin\jli.dll
0x00007ffdd2e20000 - 0x00007ffdd2fd1000 	C:\Windows\System32\USER32.dll
0x00007ffdd0c60000 - 0x00007ffdd0c86000 	C:\Windows\System32\win32u.dll
0x00007ffdd3270000 - 0x00007ffdd3299000 	C:\Windows\System32\GDI32.dll
0x00007ffdd04c0000 - 0x00007ffdd05e2000 	C:\Windows\System32\gdi32full.dll
0x00007ffdd0670000 - 0x00007ffdd070a000 	C:\Windows\System32\msvcp_win.dll
0x00007ffd7e3c0000 - 0x00007ffd7e3dd000 	C:\Program Files\Microsoft\jdk-17.0.13.11-hotspot\bin\VCRUNTIME140.dll
0x00007ffdb5a60000 - 0x00007ffdb5cfb000 	C:\Windows\WinSxS\amd64_microsoft.windows.common-controls_6595b64144ccf1df_6.0.22621.5235_none_270f78ad738609e6\COMCTL32.dll
0x00007ffdd1fd0000 - 0x00007ffdd2077000 	C:\Windows\System32\msvcrt.dll
0x00007ffdd3230000 - 0x00007ffdd3261000 	C:\Windows\System32\IMM32.DLL
0x00007ffdba410000 - 0x00007ffdba41c000 	C:\Program Files\Microsoft\jdk-17.0.13.11-hotspot\bin\vcruntime140_1.dll
0x00007ffd1ad00000 - 0x00007ffd1ad8d000 	C:\Program Files\Microsoft\jdk-17.0.13.11-hotspot\bin\msvcp140.dll
0x00007ffcbaf00000 - 0x00007ffcbbb71000 	C:\Program Files\Microsoft\jdk-17.0.13.11-hotspot\bin\server\jvm.dll
0x00007ffdd2d60000 - 0x00007ffdd2e11000 	C:\Windows\System32\ADVAPI32.dll
0x00007ffdd2720000 - 0x00007ffdd27c8000 	C:\Windows\System32\sechost.dll
0x00007ffdd0d50000 - 0x00007ffdd0d78000 	C:\Windows\System32\bcrypt.dll
0x00007ffdd1060000 - 0x00007ffdd1174000 	C:\Windows\System32\RPCRT4.dll
0x00007ffdd2fe0000 - 0x00007ffdd3051000 	C:\Windows\System32\WS2_32.dll
0x00007ffdc8720000 - 0x00007ffdc872a000 	C:\Windows\SYSTEM32\VERSION.dll
0x00007ffdc93f0000 - 0x00007ffdc9424000 	C:\Windows\SYSTEM32\WINMM.dll
0x00007ffdcf340000 - 0x00007ffdcf38d000 	C:\Windows\SYSTEM32\POWRPROF.dll
0x00007ffdcf320000 - 0x00007ffdcf333000 	C:\Windows\SYSTEM32\UMPDC.dll
0x00007ffdcf5e0000 - 0x00007ffdcf5f8000 	C:\Windows\SYSTEM32\kernel.appcore.dll
0x00007ffdb5d10000 - 0x00007ffdb5d1a000 	C:\Program Files\Microsoft\jdk-17.0.13.11-hotspot\bin\jimage.dll
0x00007ffdcdb40000 - 0x00007ffdcdd72000 	C:\Windows\SYSTEM32\DBGHELP.DLL
0x00007ffdd27f0000 - 0x00007ffdd2b83000 	C:\Windows\System32\combase.dll
0x00007ffdd22d0000 - 0x00007ffdd23a7000 	C:\Windows\System32\OLEAUT32.dll
0x00007ffdc4c40000 - 0x00007ffdc4c72000 	C:\Windows\SYSTEM32\dbgcore.DLL
0x00007ffdd05f0000 - 0x00007ffdd066b000 	C:\Windows\System32\bcryptPrimitives.dll
0x00007ffd508e0000 - 0x00007ffd50905000 	C:\Program Files\Microsoft\jdk-17.0.13.11-hotspot\bin\java.dll
0x00007ffcbe0f0000 - 0x00007ffcbe1c7000 	C:\Program Files\Microsoft\jdk-17.0.13.11-hotspot\bin\jsvml.dll
0x00007ffdd1600000 - 0x00007ffdd1ea1000 	C:\Windows\System32\SHELL32.dll
0x00007ffdd0d80000 - 0x00007ffdd0ebf000 	C:\Windows\System32\wintypes.dll
0x00007ffdce3b0000 - 0x00007ffdcecce000 	C:\Windows\SYSTEM32\windows.storage.dll
0x00007ffdd1eb0000 - 0x00007ffdd1fbb000 	C:\Windows\System32\SHCORE.dll
0x00007ffdd26b0000 - 0x00007ffdd2717000 	C:\Windows\System32\shlwapi.dll
0x00007ffdd03f0000 - 0x00007ffdd041b000 	C:\Windows\SYSTEM32\profapi.dll
0x00007ffd73180000 - 0x00007ffd7319a000 	C:\Program Files\Microsoft\jdk-17.0.13.11-hotspot\bin\net.dll
0x00007ffdcca60000 - 0x00007ffdccb8c000 	C:\Windows\SYSTEM32\WINHTTP.dll
0x00007ffdcfa60000 - 0x00007ffdcfaca000 	C:\Windows\system32\mswsock.dll
0x00007ffd64140000 - 0x00007ffd64156000 	C:\Program Files\Microsoft\jdk-17.0.13.11-hotspot\bin\nio.dll
0x00007ffd584f0000 - 0x00007ffd58508000 	C:\Program Files\Microsoft\jdk-17.0.13.11-hotspot\bin\zip.dll
0x00007ffdcfcc0000 - 0x00007ffdcfcdb000 	C:\Windows\SYSTEM32\CRYPTSP.dll
0x00007ffdcf540000 - 0x00007ffdcf577000 	C:\Windows\system32\rsaenh.dll
0x00007ffdcfb50000 - 0x00007ffdcfb78000 	C:\Windows\SYSTEM32\USERENV.dll
0x00007ffdcfcb0000 - 0x00007ffdcfcbc000 	C:\Windows\SYSTEM32\CRYPTBASE.dll
0x00007ffdcef20000 - 0x00007ffdcef4d000 	C:\Windows\SYSTEM32\IPHLPAPI.DLL
0x00007ffdd27d0000 - 0x00007ffdd27d9000 	C:\Windows\System32\NSI.dll
0x00007ffdcbf90000 - 0x00007ffdcbfa9000 	C:\Windows\SYSTEM32\dhcpcsvc6.DLL
0x00007ffdcba60000 - 0x00007ffdcba7f000 	C:\Windows\SYSTEM32\dhcpcsvc.DLL
0x00007ffdcef50000 - 0x00007ffdcf052000 	C:\Windows\SYSTEM32\DNSAPI.dll
0x00007ffdb4ee0000 - 0x00007ffdb4ef0000 	C:\Program Files\Microsoft\jdk-17.0.13.11-hotspot\bin\verify.dll
0x00007ffcbde30000 - 0x00007ffcbdf19000 	C:\Windows\Temp\sqlite-3.41.2.1-12c8e44a-4b54-44f3-95a1-8533cab8636d-sqlitejdbc.dll

dbghelp: loaded successfully - version: 4.0.5 - missing functions: none
symbol engine: initialized successfully - sym options: 0x614 - pdb path: .;C:\Program Files\Microsoft\jdk-17.0.13.11-hotspot\bin;C:\Windows\SYSTEM32;C:\Windows\WinSxS\amd64_microsoft.windows.common-controls_6595b64144ccf1df_6.0.22621.5235_none_270f78ad738609e6;C:\Program Files\Microsoft\jdk-17.0.13.11-hotspot\bin\server;C:\Windows\Temp

VM Arguments:
jvm_args: -DkotlinLanguageServer.version=1.3.13 
java_command: org.javacs.kt.MainKt
java_class_path (initial): c:\Users\nobit\AppData\Roaming\Code\User\globalStorage\fwcd.kotlin\langServerInstall\server\lib\server-1.3.13.jar;c:\Users\nobit\AppData\Roaming\Code\User\globalStorage\fwcd.kotlin\langServerInstall\server\lib\shared-1.3.13.jar;c:\Users\nobit\AppData\Roaming\Code\User\globalStorage\fwcd.kotlin\langServerInstall\server\lib\kotlin-scripting-jvm-host-unshaded-2.1.0.jar;c:\Users\nobit\AppData\Roaming\Code\User\globalStorage\fwcd.kotlin\langServerInstall\server\lib\kotlin-scripting-compiler-2.1.0.jar;c:\Users\nobit\AppData\Roaming\Code\User\globalStorage\fwcd.kotlin\langServerInstall\server\lib\ktfmt-b5d31d1.jar;c:\Users\nobit\AppData\Roaming\Code\User\globalStorage\fwcd.kotlin\langServerInstall\server\lib\kotlin-compiler-2.1.0.jar;c:\Users\nobit\AppData\Roaming\Code\User\globalStorage\fwcd.kotlin\langServerInstall\server\lib\exposed-dao-0.37.3.jar;c:\Users\nobit\AppData\Roaming\Code\User\globalStorage\fwcd.kotlin\langServerInstall\server\lib\exposed-jdbc-0.37.3.jar;c:\Users\nobit\AppData\Roaming\Code\User\globalStorage\fwcd.kotlin\langServerInstall\server\lib\exposed-core-0.37.3.jar;c:\Users\nobit\AppData\Roaming\Code\User\globalStorage\fwcd.kotlin\langServerInstall\server\lib\kotlin-scripting-compiler-impl-2.1.0.jar;c:\Users\nobit\AppData\Roaming\Code\User\globalStorage\fwcd.kotlin\langServerInstall\server\lib\kotlin-reflect-2.1.0.jar;c:\Users\nobit\AppData\Roaming\Code\User\globalStorage\fwcd.kotlin\langServerInstall\server\lib\kotlin-scripting-jvm-2.1.0.jar;c:\Users\nobit\AppData\Roaming\Code\User\globalStorage\fwcd.kotlin\langServerInstall\server\lib\kotlin-scripting-common-2.1.0.jar;c:\Users\nobit\AppData\Roaming\Code\User\globalStorage\fwcd.kotlin\langServerInstall\server\lib\kotlinx-coroutines-core-jvm-1.6.4.jar;c:\Users\nobit\AppData\Roaming\Code\User\globalStorage\fwcd.kotlin\langServerInstall\server\lib\kotlin-stdlib-jdk8-2.1.0.jar;c:\Users\nobit\AppData\Roaming\Code\User\globalStorage\fwcd.kotlin\langServerInstall\server\lib\kotli
Launcher Type: SUN_STANDARD

[Global flags]
     intx CICompilerCount                          = 4                                         {product} {ergonomic}
     uint ConcGCThreads                            = 3                                         {product} {ergonomic}
     uint G1ConcRefinementThreads                  = 10                                        {product} {ergonomic}
   size_t G1HeapRegionSize                         = 2097152                                   {product} {ergonomic}
    uintx GCDrainStackTargetSize                   = 64                                        {product} {ergonomic}
   size_t InitialHeapSize                          = 264241152                                 {product} {ergonomic}
   size_t MarkStackSize                            = 4194304                                   {product} {ergonomic}
   size_t MaxHeapSize                              = 4219469824                                {product} {ergonomic}
   size_t MaxNewSize                               = 2531262464                                {product} {ergonomic}
   size_t MinHeapDeltaBytes                        = 2097152                                   {product} {ergonomic}
   size_t MinHeapSize                              = 8388608                                   {product} {ergonomic}
    uintx NonNMethodCodeHeapSize                   = 5839372                                {pd product} {ergonomic}
    uintx NonProfiledCodeHeapSize                  = 122909434                              {pd product} {ergonomic}
    uintx ProfiledCodeHeapSize                     = 122909434                              {pd product} {ergonomic}
    uintx ReservedCodeCacheSize                    = 251658240                              {pd product} {ergonomic}
     bool SegmentedCodeCache                       = true                                      {product} {ergonomic}
   size_t SoftMaxHeapSize                          = 4219469824                             {manageable} {ergonomic}
     bool UseCompressedClassPointers               = true                           {product lp64_product} {ergonomic}
     bool UseCompressedOops                        = true                           {product lp64_product} {ergonomic}
     bool UseG1GC                                  = true                                      {product} {ergonomic}
     bool UseLargePagesIndividualAllocation        = false                                  {pd product} {ergonomic}

Logging:
Log output configuration:
 #0: stdout all=warning uptime,level,tags
 #1: stderr all=off uptime,level,tags

Environment Variables:
JAVA_HOME=C:\Program Files\Microsoft\jdk-17.0.13.11-hotspot\
CLASSPATH=c:\Users\nobit\AppData\Roaming\Code\User\globalStorage\fwcd.kotlin\langServerInstall\server\lib\server-1.3.13.jar;c:\Users\nobit\AppData\Roaming\Code\User\globalStorage\fwcd.kotlin\langServerInstall\server\lib\shared-1.3.13.jar;c:\Users\nobit\AppData\Roaming\Code\User\globalStorage\fwcd.kotlin\langServerInstall\server\lib\kotlin-scripting-jvm-host-unshaded-2.1.0.jar;c:\Users\nobit\AppData\Roaming\Code\User\globalStorage\fwcd.kotlin\langServerInstall\server\lib\kotlin-scripting-compiler-2.1.0.jar;c:\Users\nobit\AppData\Roaming\Code\User\globalStorage\fwcd.kotlin\langServerInstall\server\lib\ktfmt-b5d31d1.jar;c:\Users\nobit\AppData\Roaming\Code\User\globalStorage\fwcd.kotlin\langServerInstall\server\lib\kotlin-compiler-2.1.0.jar;c:\Users\nobit\AppData\Roaming\Code\User\globalStorage\fwcd.kotlin\langServerInstall\server\lib\exposed-dao-0.37.3.jar;c:\Users\nobit\AppData\Roaming\Code\User\globalStorage\fwcd.kotlin\langServerInstall\server\lib\exposed-jdbc-0.37.3.jar;c:\Users\nobit\AppData\Roaming\Code\User\globalStorage\fwcd.kotlin\langServerInstall\server\lib\exposed-core-0.37.3.jar;c:\Users\nobit\AppData\Roaming\Code\User\globalStorage\fwcd.kotlin\langServerInstall\server\lib\kotlin-scripting-compiler-impl-2.1.0.jar;c:\Users\nobit\AppData\Roaming\Code\User\globalStorage\fwcd.kotlin\langServerInstall\server\lib\kotlin-reflect-2.1.0.jar;c:\Users\nobit\AppData\Roaming\Code\User\globalStorage\fwcd.kotlin\langServerInstall\server\lib\kotlin-scripting-jvm-2.1.0.jar;c:\Users\nobit\AppData\Roaming\Code\User\globalStorage\fwcd.kotlin\langServerInstall\server\lib\kotlin-scripting-common-2.1.0.jar;c:\Users\nobit\AppData\Roaming\Code\User\globalStorage\fwcd.kotlin\langServerInstall\server\lib\kotlinx-coroutines-core-jvm-1.6.4.jar;c:\Users\nobit\AppData\Roaming\Code\User\globalStorage\fwcd.kotlin\langServerInstall\server\lib\kotlin-stdlib-jdk8-2.1.0.jar;c:\Users\nobit\AppData\Roaming\Code\User\globalStorage\fwcd.kotlin\langServerInstall\server\lib\kotlin-stdlib-jdk7-2.1.0.jar;c:\
PATH=C:\Program Files (x86)\Common Files\Oracle\Java\javapath;C:\Program Files\NVIDIA GPU Computing Toolkit\CUDA\v11.8\bin;C:\Program Files\NVIDIA GPU Computing Toolkit\CUDA\v11.8\libnvvp;c:\Users\nobit\AppData\Local\Programs\cursor\resources\app\bin;C:\Program Files\Microsoft\jdk-17.0.13.11-hotspot\bin;C:\Program Files\NVIDIA GPU Computing Toolkit\CUDA\v12.6\bin;C:\Program Files\NVIDIA GPU Computing Toolkit\CUDA\v12.6\libnvvp;C:\Windows\system32;C:\Windows;C:\Windows\System32\Wbem;C:\Windows\System32\WindowsPowerShell\v1.0\;C:\Windows\System32\OpenSSH\;C:\Program Files (x86)\NVIDIA Corporation\PhysX\Common;C:\Program Files\NVIDIA Corporation\NVIDIA NvDLISR;C:\Program Files\nodejs\;C:\MinGW\bin;C:\Program Files (x86)\Vim\vim91\vim91;C:\ProgramData\chocolatey\bin;C:\Program Files\Git\cmd;C:\Program Files (x86)\dotnet\;C:\Users\nobit/go/bin;C:\Users\nobit/.local/opt/go/bin;C:\Users\nobit/.local/bin;C:\Users\nobit\.cargo\bin;C:\Program Files\MySQL\MySQL Shell 8.0\bin\;C:\Users\nobit\AppData\Local\Microsoft\WindowsApps;C:\Users\nobit\AppData\Roaming\npm;C:\Users\nobit\AppData\Local\Pr;C:\Program Files\GitHub CLI\;C:\ffmpeg\bin\;C:\Users\nobit\dev\flutter\bin;C:\Program Files (x86)\Windows Kits\10\Windows Performance Toolkit\;C:\Program Files (x86)\Windows Kits\10\bin\10.0.26100.0\x64;C:\Users\nobit\.gradle\wrapper\dists\gradle-8.7-bin;C:\Users\nobit\.gradle\wrapper\dists\gradle-8.7-bin;C:\Users\nobit\.gradle\wrapper\dists\gradle-8.5-bin;C:\Users\nobit\.gradle\wrapper\dists\gradle-8.3-all;C:\Gradle\gradle-8.12.1\bin;C:\Users\nobit\AppData\Local\Packages\PythonSoftwareFoundation.Python.3.9_qbz5n2kfra8p0\LocalCache\local-packages\Python39\site-packages\truss;C:\Users\nobit\AppData\Local\Packages\PythonSoftwareFoundation.Python.3.9_qbz5n2kfra8p0\LocalCache\local-packages\Python39\Scripts;C:\Program Files\eSpeak NG\;C:\ProgramData\miniconda3\condabin;C:\Program Files\Git LFS;C:\xampp\php;C:\composer;C:\Users\nobit\AppData\Local\Android\Sdk\platform-tools\adb.exe;;C:\Program Fil
USERNAME=nobit
OS=Windows_NT
PROCESSOR_IDENTIFIER=Intel64 Family 6 Model 154 Stepping 3, GenuineIntel
TMP=C:\Windows\TEMP
TEMP=C:\Windows\TEMP



Periodic native trim disabled


---------------  S Y S T E M  ---------------

OS:
 Windows 11 , 64 bit Build 22621 (10.0.22621.5160)
OS uptime: 2 days 14:27 hours
Hyper-V role detected

CPU: total 12 (initial active 12) (6 cores per cpu, 2 threads per core) family 6 model 154 stepping 3 microcode 0x42a, cx8, cmov, fxsr, ht, mmx, 3dnowpref, sse, sse2, sse3, ssse3, sse4.1, sse4.2, popcnt, lzcnt, tsc, tscinvbit, avx, avx2, aes, erms, clmul, bmi1, bmi2, adx, sha, fma, vzeroupper, clflush, clflushopt, clwb, hv
Processor Information for processor 0
  Max Mhz: 2000, Current Mhz: 2000, Mhz Limit: 2000
Processor Information for processor 1
  Max Mhz: 2000, Current Mhz: 2000, Mhz Limit: 2000
Processor Information for processor 2
  Max Mhz: 2000, Current Mhz: 2000, Mhz Limit: 2000
Processor Information for processor 3
  Max Mhz: 2000, Current Mhz: 2000, Mhz Limit: 2000
Processor Information for processor 4
  Max Mhz: 2000, Current Mhz: 2000, Mhz Limit: 2000
Processor Information for processor 5
  Max Mhz: 2000, Current Mhz: 2000, Mhz Limit: 2000
Processor Information for processor 6
  Max Mhz: 2000, Current Mhz: 2000, Mhz Limit: 2000
Processor Information for processor 7
  Max Mhz: 2000, Current Mhz: 2000, Mhz Limit: 2000
Processor Information for processor 8
  Max Mhz: 2000, Current Mhz: 1500, Mhz Limit: 1500
Processor Information for processor 9
  Max Mhz: 2000, Current Mhz: 1500, Mhz Limit: 1500
Processor Information for processor 10
  Max Mhz: 2000, Current Mhz: 1500, Mhz Limit: 1500
Processor Information for processor 11
  Max Mhz: 2000, Current Mhz: 1500, Mhz Limit: 1500

Memory: 4k page, system-wide physical 16088M (229M free)
TotalPageFile size 35956M (AvailPageFile size 5M)
current process WorkingSet (physical memory assigned to process): 934M, peak: 937M
current process commit charge ("private bytes"): 963M, peak: 966M

vm_info: OpenJDK 64-Bit Server VM (17.0.13+11-LTS) for windows-amd64 JRE (17.0.13+11-LTS), built on Oct 11 2024 23:25:05 by "MicrosoftCorporation" with unknown MS VC++:1939

END.
