#
# There is insufficient memory for the Java Runtime Environment to continue.
# Native memory allocation (malloc) failed to allocate 1924816 bytes. Error detail: Chunk::new
# Possible reasons:
#   The system is out of physical RAM or swap space
#   This process is running with CompressedOops enabled, and the Java Heap may be blocking the growth of the native heap
# Possible solutions:
#   Reduce memory load on the system
#   Increase physical memory or swap space
#   Check if swap backing store is full
#   Decrease Java heap size (-Xmx/-Xms)
#   Decrease number of Java threads
#   Decrease Java thread stack sizes (-Xss)
#   Set larger code cache with -XX:ReservedCodeCacheSize=
#   JVM is running with Zero Based Compressed Oops mode in which the Java heap is
#     placed in the first 32GB address space. The Java Heap base address is the
#     maximum limit for the native heap growth. Please use -XX:HeapBaseMinAddress
#     to set the Java Heap base and to place the Java Heap above 32GB virtual address.
# This output file may be truncated or incomplete.
#
#  Out of Memory Error (arena.cpp:191), pid=24444, tid=29672
#
# JRE version: OpenJDK Runtime Environment Microsoft-10376486 (17.0.13+11) (build 17.0.13+11-LTS)
# Java VM: OpenJDK 64-Bit Server VM Microsoft-10376486 (17.0.13+11-LTS, mixed mode, sharing, tiered, compressed oops, compressed class ptrs, g1 gc, windows-amd64)
# No core dump will be written. Minidumps are not enabled by default on client versions of Windows
#

---------------  S U M M A R Y ------------

Command Line: -DkotlinLanguageServer.version=1.3.13 org.javacs.kt.MainKt

Host: 12th Gen Intel(R) Core(TM) i5-12450H, 12 cores, 15G,  Windows 11 , 64 bit Build 22621 (10.0.22621.5160)
Time: Mon Aug  4 13:30:00 2025 India Standard Time elapsed time: 8.999520 seconds (0d 0h 0m 8s)

---------------  T H R E A D  ---------------

Current thread (0x00000195aa6ade20):  JavaThread "C2 CompilerThread0" daemon [_thread_in_native, id=29672, stack(0x0000005d6f400000,0x0000005d6f500000)]


Current CompileTask:
C2:   8999 4442       4       java.lang.invoke.MethodType::makeImpl (109 bytes)

Stack: [0x0000005d6f400000,0x0000005d6f500000]
Native frames: (J=compiled Java code, j=interpreted, Vv=VM code, C=native code)
V  [jvm.dll+0x687fc9]
V  [jvm.dll+0x83eeb8]
V  [jvm.dll+0x840963]
V  [jvm.dll+0x840fd3]
V  [jvm.dll+0x24951f]
V  [jvm.dll+0xad0c4]
V  [jvm.dll+0xad75c]
V  [jvm.dll+0x36aaaf]
V  [jvm.dll+0x335153]
V  [jvm.dll+0x3345ea]
V  [jvm.dll+0x21a748]
V  [jvm.dll+0x219b7f]
V  [jvm.dll+0x1a5506]
V  [jvm.dll+0x22a1ca]
V  [jvm.dll+0x22830b]
V  [jvm.dll+0x7f4708]
V  [jvm.dll+0x7eea6c]
V  [jvm.dll+0x686ea7]
C  [ucrtbase.dll+0x29333]
C  [KERNEL32.DLL+0x1259d]
C  [ntdll.dll+0x5af58]


---------------  P R O C E S S  ---------------

Threads class SMR info:
_java_thread_list=0x00000195f1170e70, length=18, elements={
0x00000195aa68c6e0, 0x00000195aa68d560, 0x00000195aa6a43c0, 0x00000195aa6aada0,
0x00000195aa6ac770, 0x00000195aa6ad130, 0x00000195aa6ade20, 0x00000195aa6b6830,
0x00000195aa6b9240, 0x00000195aa7e5bd0, 0x00000195aa7ea930, 0x00000195f146b200,
0x000001958740fae0, 0x00000195f9a7e070, 0x00000195f10a60c0, 0x00000195f9a0dca0,
0x00000195f94df7c0, 0x00000195f94dc520
}

Java Threads: ( => current thread )
  0x00000195aa68c6e0 JavaThread "Reference Handler" daemon [_thread_blocked, id=18520, stack(0x0000005d6ee00000,0x0000005d6ef00000)]
  0x00000195aa68d560 JavaThread "Finalizer" daemon [_thread_blocked, id=4244, stack(0x0000005d6ef00000,0x0000005d6f000000)]
  0x00000195aa6a43c0 JavaThread "Signal Dispatcher" daemon [_thread_blocked, id=22996, stack(0x0000005d6f000000,0x0000005d6f100000)]
  0x00000195aa6aada0 JavaThread "Attach Listener" daemon [_thread_blocked, id=18540, stack(0x0000005d6f100000,0x0000005d6f200000)]
  0x00000195aa6ac770 JavaThread "Service Thread" daemon [_thread_blocked, id=14688, stack(0x0000005d6f200000,0x0000005d6f300000)]
  0x00000195aa6ad130 JavaThread "Monitor Deflation Thread" daemon [_thread_blocked, id=28668, stack(0x0000005d6f300000,0x0000005d6f400000)]
=>0x00000195aa6ade20 JavaThread "C2 CompilerThread0" daemon [_thread_in_native, id=29672, stack(0x0000005d6f400000,0x0000005d6f500000)]
  0x00000195aa6b6830 JavaThread "C1 CompilerThread0" daemon [_thread_blocked, id=14696, stack(0x0000005d6f500000,0x0000005d6f600000)]
  0x00000195aa6b9240 JavaThread "Sweeper thread" daemon [_thread_blocked, id=31680, stack(0x0000005d6f600000,0x0000005d6f700000)]
  0x00000195aa7e5bd0 JavaThread "Notification Thread" daemon [_thread_blocked, id=24604, stack(0x0000005d6f700000,0x0000005d6f800000)]
  0x00000195aa7ea930 JavaThread "Common-Cleaner" daemon [_thread_blocked, id=23600, stack(0x0000005d6f900000,0x0000005d6fa00000)]
  0x00000195f146b200 JavaThread "client" [_thread_in_native, id=2320, stack(0x0000005d70400000,0x0000005d70500000)]
  0x000001958740fae0 JavaThread "DestroyJavaVM" [_thread_blocked, id=26552, stack(0x0000005d6e700000,0x0000005d6e800000)]
  0x00000195f9a7e070 JavaThread "async0" [_thread_blocked, id=21564, stack(0x0000005d70700000,0x0000005d70800000)]
  0x00000195f10a60c0 JavaThread "async1" [_thread_blocked, id=14960, stack(0x0000005d70800000,0x0000005d70900000)]
  0x00000195f9a0dca0 JavaThread "debounce0" [_thread_in_Java, id=8396, stack(0x0000005d70a00000,0x0000005d70b00000)]
  0x00000195f94df7c0 JavaThread "async2" [_thread_blocked, id=17060, stack(0x0000005d70b00000,0x0000005d70c00000)]
  0x00000195f94dc520 JavaThread "debounce1" [_thread_blocked, id=29612, stack(0x0000005d70c00000,0x0000005d70d00000)]

Other Threads:
  0x00000195aa687230 VMThread "VM Thread" [stack: 0x0000005d6ed00000,0x0000005d6ee00000] [id=29480]
  0x00000195aa7ea0d0 WatcherThread [stack: 0x0000005d6f800000,0x0000005d6f900000] [id=27096]
  0x000001958747ad20 GCTaskThread "GC Thread#0" [stack: 0x0000005d6e800000,0x0000005d6e900000] [id=11428]
  0x00000195f0573470 GCTaskThread "GC Thread#1" [stack: 0x0000005d6fa00000,0x0000005d6fb00000] [id=18252]
  0x00000195f0573730 GCTaskThread "GC Thread#2" [stack: 0x0000005d6fb00000,0x0000005d6fc00000] [id=31444]
  0x00000195f075ae40 GCTaskThread "GC Thread#3" [stack: 0x0000005d6fc00000,0x0000005d6fd00000] [id=24116]
  0x00000195f075b100 GCTaskThread "GC Thread#4" [stack: 0x0000005d6fd00000,0x0000005d6fe00000] [id=21936]
  0x00000195f075b7d0 GCTaskThread "GC Thread#5" [stack: 0x0000005d6fe00000,0x0000005d6ff00000] [id=26008]
  0x00000195f05569a0 GCTaskThread "GC Thread#6" [stack: 0x0000005d6ff00000,0x0000005d70000000] [id=2920]
  0x00000195f07fec30 GCTaskThread "GC Thread#7" [stack: 0x0000005d70000000,0x0000005d70100000] [id=22436]
  0x00000195f0bfeda0 GCTaskThread "GC Thread#8" [stack: 0x0000005d70100000,0x0000005d70200000] [id=22092]
  0x00000195f0c006b0 GCTaskThread "GC Thread#9" [stack: 0x0000005d70200000,0x0000005d70300000] [id=31476]
  0x000001958748c800 ConcurrentGCThread "G1 Main Marker" [stack: 0x0000005d6e900000,0x0000005d6ea00000] [id=27440]
  0x000001958748d220 ConcurrentGCThread "G1 Conc#0" [stack: 0x0000005d6ea00000,0x0000005d6eb00000] [id=19752]
  0x00000195f0bff0b0 ConcurrentGCThread "G1 Conc#1" [stack: 0x0000005d70500000,0x0000005d70600000] [id=8816]
  0x00000195f0c00970 ConcurrentGCThread "G1 Conc#2" [stack: 0x0000005d70600000,0x0000005d70700000] [id=9424]
  0x00000195aa31fd80 ConcurrentGCThread "G1 Refine#0" [stack: 0x0000005d6eb00000,0x0000005d6ec00000] [id=28184]
  0x00000195aa3207b0 ConcurrentGCThread "G1 Service" [stack: 0x0000005d6ec00000,0x0000005d6ed00000] [id=25912]

Threads with active compile tasks:
C2 CompilerThread0     9030 4442       4       java.lang.invoke.MethodType::makeImpl (109 bytes)

VM state: not at safepoint (normal execution)

VM Mutex/Monitor currently owned by a thread: None

Heap address: 0x0000000704800000, size: 4024 MB, Compressed Oops mode: Zero based, Oop shift amount: 3

CDS archive(s) mapped at: [0x00000195ab000000-0x00000195abbb0000-0x00000195abbb0000), size 12255232, SharedBaseAddress: 0x00000195ab000000, ArchiveRelocationMode: 1.
Compressed class space mapped at: 0x00000195ac000000-0x00000195ec000000, reserved size: 1073741824
Narrow klass base: 0x00000195ab000000, Narrow klass shift: 0, Narrow klass range: 0x100000000

GC Precious Log:
 CPUs: 12 total, 12 available
 Memory: 16088M
 Large Page Support: Disabled
 NUMA Support: Disabled
 Compressed Oops: Enabled (Zero based)
 Heap Region Size: 2M
 Heap Min Capacity: 8M
 Heap Initial Capacity: 252M
 Heap Max Capacity: 4024M
 Pre-touch: Disabled
 Parallel Workers: 10
 Concurrent Workers: 3
 Concurrent Refinement Workers: 10
 Periodic GC: Disabled

Heap:
 garbage-first heap   total 157696K, used 45087K [0x0000000704800000, 0x0000000800000000)
  region size 2048K, 13 young (26624K), 1 survivors (2048K)
 Metaspace       used 44839K, committed 45120K, reserved 1114112K
  class space    used 5515K, committed 5632K, reserved 1048576K

Heap Regions: E=young(eden), S=young(survivor), O=old, HS=humongous(starts), HC=humongous(continues), CS=collection set, F=free, OA=open archive, CA=closed archive, TAMS=top-at-mark-start (previous, next)
|   0|0x0000000704800000, 0x0000000704a00000, 0x0000000704a00000|100%|HS|  |TAMS 0x0000000704a00000, 0x0000000704800000| Complete 
|   1|0x0000000704a00000, 0x0000000704c00000, 0x0000000704c00000|100%|HC|  |TAMS 0x0000000704c00000, 0x0000000704a00000| Complete 
|   2|0x0000000704c00000, 0x0000000704e00000, 0x0000000704e00000|100%| O|  |TAMS 0x0000000704e00000, 0x0000000704c00000| Untracked 
|   3|0x0000000704e00000, 0x0000000705000000, 0x0000000705000000|100%| O|  |TAMS 0x0000000705000000, 0x0000000704e00000| Untracked 
|   4|0x0000000705000000, 0x0000000705200000, 0x0000000705200000|100%| O|  |TAMS 0x0000000705000000, 0x0000000705000000| Untracked 
|   5|0x0000000705200000, 0x0000000705400000, 0x0000000705400000|100%| O|  |TAMS 0x0000000705400000, 0x0000000705200000| Untracked 
|   6|0x0000000705400000, 0x0000000705600000, 0x0000000705600000|100%| O|  |TAMS 0x0000000705600000, 0x0000000705400000| Untracked 
|   7|0x0000000705600000, 0x0000000705800000, 0x0000000705800000|100%| O|  |TAMS 0x0000000705800000, 0x0000000705600000| Untracked 
|   8|0x0000000705800000, 0x0000000705a00000, 0x0000000705a00000|100%| O|  |TAMS 0x0000000705a00000, 0x0000000705800000| Untracked 
|   9|0x0000000705a00000, 0x0000000705a00000, 0x0000000705c00000|  0%| F|  |TAMS 0x0000000705a00000, 0x0000000705a00000| Untracked 
|  10|0x0000000705c00000, 0x0000000705e00000, 0x0000000705e00000|100%| O|  |TAMS 0x0000000705d84400, 0x0000000705c00000| Untracked 
|  11|0x0000000705e00000, 0x0000000706000000, 0x0000000706000000|100%| O|  |TAMS 0x0000000705e00000, 0x0000000705e00000| Untracked 
|  12|0x0000000706000000, 0x00000007061d3000, 0x0000000706200000| 91%| O|  |TAMS 0x0000000706000000, 0x0000000706000000| Untracked 
|  13|0x0000000706200000, 0x0000000706200000, 0x0000000706400000|  0%| F|  |TAMS 0x0000000706200000, 0x0000000706200000| Untracked 
|  14|0x0000000706400000, 0x0000000706400000, 0x0000000706600000|  0%| F|  |TAMS 0x0000000706400000, 0x0000000706400000| Untracked 
|  15|0x0000000706600000, 0x0000000706600000, 0x0000000706800000|  0%| F|  |TAMS 0x0000000706600000, 0x0000000706600000| Untracked 
|  16|0x0000000706800000, 0x0000000706800000, 0x0000000706a00000|  0%| F|  |TAMS 0x0000000706800000, 0x0000000706800000| Untracked 
|  17|0x0000000706a00000, 0x0000000706a00000, 0x0000000706c00000|  0%| F|  |TAMS 0x0000000706a00000, 0x0000000706a00000| Untracked 
|  18|0x0000000706c00000, 0x0000000706c00000, 0x0000000706e00000|  0%| F|  |TAMS 0x0000000706c00000, 0x0000000706c00000| Untracked 
|  19|0x0000000706e00000, 0x0000000706e00000, 0x0000000707000000|  0%| F|  |TAMS 0x0000000706e00000, 0x0000000706e00000| Untracked 
|  20|0x0000000707000000, 0x0000000707000000, 0x0000000707200000|  0%| F|  |TAMS 0x0000000707000000, 0x0000000707000000| Untracked 
|  21|0x0000000707200000, 0x0000000707200000, 0x0000000707400000|  0%| F|  |TAMS 0x0000000707200000, 0x0000000707200000| Untracked 
|  22|0x0000000707400000, 0x0000000707400000, 0x0000000707600000|  0%| F|  |TAMS 0x0000000707400000, 0x0000000707400000| Untracked 
|  23|0x0000000707600000, 0x0000000707600000, 0x0000000707800000|  0%| F|  |TAMS 0x0000000707600000, 0x0000000707600000| Untracked 
|  24|0x0000000707800000, 0x0000000707800000, 0x0000000707a00000|  0%| F|  |TAMS 0x0000000707800000, 0x0000000707800000| Untracked 
|  25|0x0000000707a00000, 0x0000000707a00000, 0x0000000707c00000|  0%| F|  |TAMS 0x0000000707a00000, 0x0000000707a00000| Untracked 
|  26|0x0000000707c00000, 0x0000000707c00000, 0x0000000707e00000|  0%| F|  |TAMS 0x0000000707c00000, 0x0000000707c00000| Untracked 
|  27|0x0000000707e00000, 0x0000000707e00000, 0x0000000708000000|  0%| F|  |TAMS 0x0000000707e00000, 0x0000000707e00000| Untracked 
|  28|0x0000000708000000, 0x0000000708000000, 0x0000000708200000|  0%| F|  |TAMS 0x0000000708000000, 0x0000000708000000| Untracked 
|  29|0x0000000708200000, 0x0000000708200000, 0x0000000708400000|  0%| F|  |TAMS 0x0000000708200000, 0x0000000708200000| Untracked 
|  30|0x0000000708400000, 0x0000000708400000, 0x0000000708600000|  0%| F|  |TAMS 0x0000000708400000, 0x0000000708400000| Untracked 
|  31|0x0000000708600000, 0x0000000708600000, 0x0000000708800000|  0%| F|  |TAMS 0x0000000708600000, 0x0000000708600000| Untracked 
|  32|0x0000000708800000, 0x0000000708800000, 0x0000000708a00000|  0%| F|  |TAMS 0x0000000708800000, 0x0000000708800000| Untracked 
|  33|0x0000000708a00000, 0x0000000708a00000, 0x0000000708c00000|  0%| F|  |TAMS 0x0000000708a00000, 0x0000000708a00000| Untracked 
|  34|0x0000000708c00000, 0x0000000708c00000, 0x0000000708e00000|  0%| F|  |TAMS 0x0000000708c00000, 0x0000000708c00000| Untracked 
|  35|0x0000000708e00000, 0x0000000708e00000, 0x0000000709000000|  0%| F|  |TAMS 0x0000000708e00000, 0x0000000708e00000| Untracked 
|  36|0x0000000709000000, 0x0000000709000000, 0x0000000709200000|  0%| F|  |TAMS 0x0000000709000000, 0x0000000709000000| Untracked 
|  37|0x0000000709200000, 0x0000000709200000, 0x0000000709400000|  0%| F|  |TAMS 0x0000000709200000, 0x0000000709200000| Untracked 
|  38|0x0000000709400000, 0x0000000709400000, 0x0000000709600000|  0%| F|  |TAMS 0x0000000709400000, 0x0000000709400000| Untracked 
|  39|0x0000000709600000, 0x0000000709600000, 0x0000000709800000|  0%| F|  |TAMS 0x0000000709600000, 0x0000000709600000| Untracked 
|  40|0x0000000709800000, 0x0000000709800000, 0x0000000709a00000|  0%| F|  |TAMS 0x0000000709800000, 0x0000000709800000| Untracked 
|  41|0x0000000709a00000, 0x0000000709a00000, 0x0000000709c00000|  0%| F|  |TAMS 0x0000000709a00000, 0x0000000709a00000| Untracked 
|  42|0x0000000709c00000, 0x0000000709c00000, 0x0000000709e00000|  0%| F|  |TAMS 0x0000000709c00000, 0x0000000709c00000| Untracked 
|  43|0x0000000709e00000, 0x0000000709e00000, 0x000000070a000000|  0%| F|  |TAMS 0x0000000709e00000, 0x0000000709e00000| Untracked 
|  44|0x000000070a000000, 0x000000070a000000, 0x000000070a200000|  0%| F|  |TAMS 0x000000070a000000, 0x000000070a000000| Untracked 
|  45|0x000000070a200000, 0x000000070a200000, 0x000000070a400000|  0%| F|  |TAMS 0x000000070a200000, 0x000000070a200000| Untracked 
|  46|0x000000070a400000, 0x000000070a400000, 0x000000070a600000|  0%| F|  |TAMS 0x000000070a400000, 0x000000070a400000| Untracked 
|  47|0x000000070a600000, 0x000000070a600000, 0x000000070a800000|  0%| F|  |TAMS 0x000000070a600000, 0x000000070a600000| Untracked 
|  48|0x000000070a800000, 0x000000070a800000, 0x000000070aa00000|  0%| F|  |TAMS 0x000000070a800000, 0x000000070a800000| Untracked 
|  49|0x000000070aa00000, 0x000000070aa00000, 0x000000070ac00000|  0%| F|  |TAMS 0x000000070aa00000, 0x000000070aa00000| Untracked 
|  50|0x000000070ac00000, 0x000000070ac00000, 0x000000070ae00000|  0%| F|  |TAMS 0x000000070ac00000, 0x000000070ac00000| Untracked 
|  51|0x000000070ae00000, 0x000000070ae00000, 0x000000070b000000|  0%| F|  |TAMS 0x000000070ae00000, 0x000000070ae00000| Untracked 
|  52|0x000000070b000000, 0x000000070b000000, 0x000000070b200000|  0%| F|  |TAMS 0x000000070b000000, 0x000000070b000000| Untracked 
|  53|0x000000070b200000, 0x000000070b200000, 0x000000070b400000|  0%| F|  |TAMS 0x000000070b200000, 0x000000070b200000| Untracked 
|  54|0x000000070b400000, 0x000000070b400000, 0x000000070b600000|  0%| F|  |TAMS 0x000000070b400000, 0x000000070b400000| Untracked 
|  55|0x000000070b600000, 0x000000070b600000, 0x000000070b800000|  0%| F|  |TAMS 0x000000070b600000, 0x000000070b600000| Untracked 
|  56|0x000000070b800000, 0x000000070b800000, 0x000000070ba00000|  0%| F|  |TAMS 0x000000070b800000, 0x000000070b800000| Untracked 
|  57|0x000000070ba00000, 0x000000070ba00000, 0x000000070bc00000|  0%| F|  |TAMS 0x000000070ba00000, 0x000000070ba00000| Untracked 
|  58|0x000000070bc00000, 0x000000070bc00000, 0x000000070be00000|  0%| F|  |TAMS 0x000000070bc00000, 0x000000070bc00000| Untracked 
|  59|0x000000070be00000, 0x000000070be00000, 0x000000070c000000|  0%| F|  |TAMS 0x000000070be00000, 0x000000070be00000| Untracked 
|  60|0x000000070c000000, 0x000000070c000000, 0x000000070c200000|  0%| F|  |TAMS 0x000000070c000000, 0x000000070c000000| Untracked 
|  61|0x000000070c200000, 0x000000070c200000, 0x000000070c400000|  0%| F|  |TAMS 0x000000070c200000, 0x000000070c200000| Untracked 
|  62|0x000000070c400000, 0x000000070c400000, 0x000000070c600000|  0%| F|  |TAMS 0x000000070c400000, 0x000000070c400000| Untracked 
|  63|0x000000070c600000, 0x000000070c600000, 0x000000070c800000|  0%| F|  |TAMS 0x000000070c600000, 0x000000070c600000| Untracked 
|  64|0x000000070c800000, 0x000000070c89dd48, 0x000000070ca00000| 30%| E|  |TAMS 0x000000070c800000, 0x000000070c800000| Complete 
|  65|0x000000070ca00000, 0x000000070cc00000, 0x000000070cc00000|100%| E|CS|TAMS 0x000000070ca00000, 0x000000070ca00000| Complete 
|  66|0x000000070cc00000, 0x000000070ce00000, 0x000000070ce00000|100%| E|CS|TAMS 0x000000070cc00000, 0x000000070cc00000| Complete 
|  67|0x000000070ce00000, 0x000000070d000000, 0x000000070d000000|100%| E|  |TAMS 0x000000070ce00000, 0x000000070ce00000| Complete 
|  68|0x000000070d000000, 0x000000070d200000, 0x000000070d200000|100%| E|CS|TAMS 0x000000070d000000, 0x000000070d000000| Complete 
|  69|0x000000070d200000, 0x000000070d400000, 0x000000070d400000|100%| E|CS|TAMS 0x000000070d200000, 0x000000070d200000| Complete 
|  70|0x000000070d400000, 0x000000070d600000, 0x000000070d600000|100%| E|CS|TAMS 0x000000070d400000, 0x000000070d400000| Complete 
|  71|0x000000070d600000, 0x000000070d800000, 0x000000070d800000|100%| E|CS|TAMS 0x000000070d600000, 0x000000070d600000| Complete 
|  72|0x000000070d800000, 0x000000070da00000, 0x000000070da00000|100%| E|CS|TAMS 0x000000070d800000, 0x000000070d800000| Complete 
|  73|0x000000070da00000, 0x000000070dc00000, 0x000000070dc00000|100%| E|CS|TAMS 0x000000070da00000, 0x000000070da00000| Complete 
| 111|0x0000000712600000, 0x0000000712800000, 0x0000000712800000|100%| E|CS|TAMS 0x0000000712600000, 0x0000000712600000| Complete 
| 112|0x0000000712800000, 0x0000000712834e48, 0x0000000712a00000| 10%| S|CS|TAMS 0x0000000712800000, 0x0000000712800000| Complete 
| 125|0x0000000714200000, 0x0000000714400000, 0x0000000714400000|100%| E|CS|TAMS 0x0000000714200000, 0x0000000714200000| Complete 

Card table byte_map: [0x000001959ec60000,0x000001959f440000] _byte_map_base: 0x000001959b43c000

Marking Bits (Prev, Next): (CMBitMap*) 0x000001958747c350, (CMBitMap*) 0x000001958747c390
 Prev Bits: [0x000001959fc20000, 0x00000195a3b00000)
 Next Bits: [0x00000195a3b00000, 0x00000195a79e0000)

Polling page: 0x0000019585270000

Metaspace:

Usage:
  Non-class:     38.41 MB used.
      Class:      5.39 MB used.
       Both:     43.80 MB used.

Virtual space:
  Non-class space:       64.00 MB reserved,      38.56 MB ( 60%) committed,  1 nodes.
      Class space:        1.00 GB reserved,       5.50 MB ( <1%) committed,  1 nodes.
             Both:        1.06 GB reserved,      44.06 MB (  4%) committed. 

Chunk freelists:
   Non-Class:  8.58 MB
       Class:  10.44 MB
        Both:  19.02 MB

MaxMetaspaceSize: unlimited
CompressedClassSpaceSize: 1.00 GB
Initial GC threshold: 21.00 MB
Current GC threshold: 58.88 MB
CDS: on
MetaspaceReclaimPolicy: balanced
 - commit_granule_bytes: 65536.
 - commit_granule_words: 8192.
 - virtual_space_node_default_size: 8388608.
 - enlarge_chunks_in_place: 1.
 - new_chunks_are_fully_committed: 0.
 - uncommit_free_chunks: 1.
 - use_allocation_guard: 0.
 - handle_deallocations: 1.


Internal statistics:

num_allocs_failed_limit: 6.
num_arena_births: 352.
num_arena_deaths: 0.
num_vsnodes_births: 2.
num_vsnodes_deaths: 0.
num_space_committed: 704.
num_space_uncommitted: 0.
num_chunks_returned_to_freelist: 6.
num_chunks_taken_from_freelist: 1895.
num_chunk_merges: 6.
num_chunk_splits: 1450.
num_chunks_enlarged: 1217.
num_inconsistent_stats: 0.

CodeHeap 'non-profiled nmethods': size=120000Kb used=2306Kb max_used=2306Kb free=117693Kb
 bounds [0x0000019596a00000, 0x0000019596c70000, 0x000001959df30000]
CodeHeap 'profiled nmethods': size=120000Kb used=9263Kb max_used=9263Kb free=110736Kb
 bounds [0x000001958ef30000, 0x000001958f840000, 0x0000019596460000]
CodeHeap 'non-nmethods': size=5760Kb used=1328Kb max_used=1385Kb free=4431Kb
 bounds [0x0000019596460000, 0x00000195966d0000, 0x0000019596a00000]
 total_blobs=5119 nmethods=4465 adapters=565
 compilation: enabled
              stopped_count=0, restarted_count=0
 full_count=0

Compilation events (20 events):
Event: 8.795 Thread 0x00000195aa6ade20 nmethod 4438 0x0000019596c3ec90 code [0x0000019596c3ee00, 0x0000019596c3eed8]
Event: 8.795 Thread 0x00000195aa6ade20 4439       4       java.util.HashMap$EntryIterator::next (5 bytes)
Event: 8.796 Thread 0x00000195aa6b6830 4440       1       org.jetbrains.kotlin.container.ComponentDescriptor::getShouldInjectProperties (2 bytes)
Event: 8.796 Thread 0x00000195aa6b6830 nmethod 4440 0x0000019596c3f010 code [0x0000019596c3f1a0, 0x0000019596c3f278]
Event: 8.803 Thread 0x00000195aa6ade20 nmethod 4439 0x0000019596c3f310 code [0x0000019596c3f4a0, 0x0000019596c3f898]
Event: 8.808 Thread 0x00000195aa6ade20 4442       4       java.lang.invoke.MethodType::makeImpl (109 bytes)
Event: 8.930 Thread 0x00000195aa6b6830 4447       3       kotlin.reflect.jvm.internal.KPropertyImpl::<init> (75 bytes)
Event: 8.931 Thread 0x00000195aa6b6830 nmethod 4447 0x000001958f829810 code [0x000001958f829a40, 0x000001958f82a2b8]
Event: 8.931 Thread 0x00000195aa6b6830 4448       3       kotlin.reflect.jvm.internal.KPropertyImpl$$Lambda$0::<init> (10 bytes)
Event: 8.932 Thread 0x00000195aa6b6830 nmethod 4448 0x000001958f82a590 code [0x000001958f82a720, 0x000001958f82a8d8]
Event: 8.946 Thread 0x00000195aa6b6830 4449       3       org.jetbrains.kotlin.name.FqName::isRoot (8 bytes)
Event: 8.946 Thread 0x00000195aa6b6830 nmethod 4449 0x000001958f82a990 code [0x000001958f82ab40, 0x000001958f82ae18]
Event: 8.975 Thread 0x00000195aa6b6830 4451       3       java.lang.PublicMethods$Key::equals (50 bytes)
Event: 8.975 Thread 0x00000195aa6b6830 nmethod 4451 0x000001958f82af90 code [0x000001958f82b160, 0x000001958f82b5c8]
Event: 8.982 Thread 0x00000195aa6b6830 4452       1       java.lang.reflect.Constructor::getModifiers (5 bytes)
Event: 8.982 Thread 0x00000195aa6b6830 nmethod 4452 0x0000019596c40610 code [0x0000019596c407a0, 0x0000019596c40878]
Event: 8.992 Thread 0x00000195aa6b6830 4454       3       kotlin.sequences.GeneratorSequence::iterator (12 bytes)
Event: 8.992 Thread 0x00000195aa6b6830 nmethod 4454 0x000001958f82b690 code [0x000001958f82b840, 0x000001958f82bad8]
Event: 8.993 Thread 0x00000195aa6b6830 4455       3       kotlin.sequences.GeneratorSequence$iterator$1::<init> (16 bytes)
Event: 8.993 Thread 0x00000195aa6b6830 nmethod 4455 0x000001958f82bc10 code [0x000001958f82bda0, 0x000001958f82bf78]

GC Heap History (20 events):
Event: 2.380 GC heap before
{Heap before GC invocations=1 (full 0):
 garbage-first heap   total 258048K, used 35260K [0x0000000704800000, 0x0000000800000000)
  region size 2048K, 15 young (30720K), 2 survivors (4096K)
 Metaspace       used 15722K, committed 16000K, reserved 1114112K
  class space    used 1692K, committed 1792K, reserved 1048576K
}
Event: 2.386 GC heap after
{Heap after GC invocations=2 (full 0):
 garbage-first heap   total 258048K, used 10082K [0x0000000704800000, 0x0000000800000000)
  region size 2048K, 1 young (2048K), 1 survivors (2048K)
 Metaspace       used 15722K, committed 16000K, reserved 1114112K
  class space    used 1692K, committed 1792K, reserved 1048576K
}
Event: 3.370 GC heap before
{Heap before GC invocations=2 (full 0):
 garbage-first heap   total 258048K, used 34658K [0x0000000704800000, 0x0000000800000000)
  region size 2048K, 14 young (28672K), 1 survivors (2048K)
 Metaspace       used 21318K, committed 21504K, reserved 1114112K
  class space    used 2403K, committed 2496K, reserved 1048576K
}
Event: 3.375 GC heap after
{Heap after GC invocations=3 (full 0):
 garbage-first heap   total 258048K, used 11849K [0x0000000704800000, 0x0000000800000000)
  region size 2048K, 2 young (4096K), 2 survivors (4096K)
 Metaspace       used 21318K, committed 21504K, reserved 1114112K
  class space    used 2403K, committed 2496K, reserved 1048576K
}
Event: 4.599 GC heap before
{Heap before GC invocations=4 (full 0):
 garbage-first heap   total 55296K, used 38473K [0x0000000704800000, 0x0000000800000000)
  region size 2048K, 16 young (32768K), 2 survivors (4096K)
 Metaspace       used 28526K, committed 28800K, reserved 1114112K
  class space    used 3200K, committed 3328K, reserved 1048576K
}
Event: 4.608 GC heap after
{Heap after GC invocations=5 (full 0):
 garbage-first heap   total 55296K, used 14856K [0x0000000704800000, 0x0000000800000000)
  region size 2048K, 2 young (4096K), 2 survivors (4096K)
 Metaspace       used 28526K, committed 28800K, reserved 1114112K
  class space    used 3200K, committed 3328K, reserved 1048576K
}
Event: 4.729 GC heap before
{Heap before GC invocations=5 (full 0):
 garbage-first heap   total 55296K, used 16904K [0x0000000704800000, 0x0000000800000000)
  region size 2048K, 3 young (6144K), 2 survivors (4096K)
 Metaspace       used 29142K, committed 29376K, reserved 1114112K
  class space    used 3276K, committed 3392K, reserved 1048576K
}
Event: 4.737 GC heap after
{Heap after GC invocations=6 (full 0):
 garbage-first heap   total 55296K, used 15747K [0x0000000704800000, 0x0000000800000000)
  region size 2048K, 1 young (2048K), 1 survivors (2048K)
 Metaspace       used 29142K, committed 29376K, reserved 1114112K
  class space    used 3276K, committed 3392K, reserved 1048576K
}
Event: 5.944 GC heap before
{Heap before GC invocations=6 (full 0):
 garbage-first heap   total 55296K, used 36227K [0x0000000704800000, 0x0000000800000000)
  region size 2048K, 11 young (22528K), 1 survivors (2048K)
 Metaspace       used 32287K, committed 32512K, reserved 1114112K
  class space    used 3666K, committed 3776K, reserved 1048576K
}
Event: 5.947 GC heap after
{Heap after GC invocations=7 (full 0):
 garbage-first heap   total 55296K, used 17544K [0x0000000704800000, 0x0000000800000000)
  region size 2048K, 2 young (4096K), 2 survivors (4096K)
 Metaspace       used 32287K, committed 32512K, reserved 1114112K
  class space    used 3666K, committed 3776K, reserved 1048576K
}
Event: 6.796 GC heap before
{Heap before GC invocations=7 (full 0):
 garbage-first heap   total 55296K, used 38024K [0x0000000704800000, 0x0000000800000000)
  region size 2048K, 11 young (22528K), 2 survivors (4096K)
 Metaspace       used 33289K, committed 33600K, reserved 1114112K
  class space    used 3745K, committed 3904K, reserved 1048576K
}
Event: 6.801 GC heap after
{Heap after GC invocations=8 (full 0):
 garbage-first heap   total 55296K, used 22196K [0x0000000704800000, 0x0000000800000000)
  region size 2048K, 2 young (4096K), 2 survivors (4096K)
 Metaspace       used 33289K, committed 33600K, reserved 1114112K
  class space    used 3745K, committed 3904K, reserved 1048576K
}
Event: 7.342 GC heap before
{Heap before GC invocations=8 (full 0):
 garbage-first heap   total 55296K, used 38580K [0x0000000704800000, 0x0000000800000000)
  region size 2048K, 10 young (20480K), 2 survivors (4096K)
 Metaspace       used 35191K, committed 35520K, reserved 1114112K
  class space    used 4142K, committed 4288K, reserved 1048576K
}
Event: 7.346 GC heap after
{Heap after GC invocations=9 (full 0):
 garbage-first heap   total 55296K, used 23477K [0x0000000704800000, 0x0000000800000000)
  region size 2048K, 2 young (4096K), 2 survivors (4096K)
 Metaspace       used 35191K, committed 35520K, reserved 1114112K
  class space    used 4142K, committed 4288K, reserved 1048576K
}
Event: 7.409 GC heap before
{Heap before GC invocations=9 (full 0):
 garbage-first heap   total 55296K, used 23477K [0x0000000704800000, 0x0000000800000000)
  region size 2048K, 3 young (6144K), 2 survivors (4096K)
 Metaspace       used 35720K, committed 35968K, reserved 1114112K
  class space    used 4318K, committed 4416K, reserved 1048576K
}
Event: 7.411 GC heap after
{Heap after GC invocations=10 (full 0):
 garbage-first heap   total 55296K, used 23955K [0x0000000704800000, 0x0000000800000000)
  region size 2048K, 1 young (2048K), 1 survivors (2048K)
 Metaspace       used 35720K, committed 35968K, reserved 1114112K
  class space    used 4318K, committed 4416K, reserved 1048576K
}
Event: 7.880 GC heap before
{Heap before GC invocations=11 (full 0):
 garbage-first heap   total 55296K, used 38291K [0x0000000704800000, 0x0000000800000000)
  region size 2048K, 8 young (16384K), 1 survivors (2048K)
 Metaspace       used 39785K, committed 40128K, reserved 1114112K
  class space    used 4994K, committed 5120K, reserved 1048576K
}
Event: 7.884 GC heap after
{Heap after GC invocations=12 (full 0):
 garbage-first heap   total 55296K, used 24999K [0x0000000704800000, 0x0000000800000000)
  region size 2048K, 1 young (2048K), 1 survivors (2048K)
 Metaspace       used 39785K, committed 40128K, reserved 1114112K
  class space    used 4994K, committed 5120K, reserved 1048576K
}
Event: 7.976 GC heap before
{Heap before GC invocations=12 (full 0):
 garbage-first heap   total 55296K, used 24999K [0x0000000704800000, 0x0000000800000000)
  region size 2048K, 2 young (4096K), 1 survivors (2048K)
 Metaspace       used 40506K, committed 40832K, reserved 1114112K
  class space    used 5054K, committed 5184K, reserved 1048576K
}
Event: 7.981 GC heap after
{Heap after GC invocations=13 (full 0):
 garbage-first heap   total 157696K, used 24607K [0x0000000704800000, 0x0000000800000000)
  region size 2048K, 1 young (2048K), 1 survivors (2048K)
 Metaspace       used 40506K, committed 40832K, reserved 1114112K
  class space    used 5054K, committed 5184K, reserved 1048576K
}

Dll operation events (8 events):
Event: 0.016 Loaded shared library C:\Program Files\Microsoft\jdk-17.0.13.11-hotspot\bin\java.dll
Event: 0.056 Loaded shared library C:\Program Files\Microsoft\jdk-17.0.13.11-hotspot\bin\jsvml.dll
Event: 0.155 Loaded shared library C:\Program Files\Microsoft\jdk-17.0.13.11-hotspot\bin\net.dll
Event: 0.158 Loaded shared library C:\Program Files\Microsoft\jdk-17.0.13.11-hotspot\bin\nio.dll
Event: 0.165 Loaded shared library C:\Program Files\Microsoft\jdk-17.0.13.11-hotspot\bin\zip.dll
Event: 0.338 Loaded shared library C:\Program Files\Microsoft\jdk-17.0.13.11-hotspot\bin\jimage.dll
Event: 2.296 Loaded shared library C:\Program Files\Microsoft\jdk-17.0.13.11-hotspot\bin\verify.dll
Event: 5.515 Loaded shared library C:\Windows\Temp\sqlite-3.41.2.1-41898bf1-cce2-46d4-8ef5-ce0232d4a4f6-sqlitejdbc.dll

Deoptimization events (20 events):
Event: 8.341 Thread 0x00000195f9a0dca0 Uncommon trap: trap_request=0xffffffde fr.pc=0x0000019596baa4f8 relative=0x0000000000000078
Event: 8.341 Thread 0x00000195f9a0dca0 Uncommon trap: reason=class_check action=maybe_recompile pc=0x0000019596baa4f8 method=java.util.AbstractList$Itr.hasNext()Z @ 8 c2
Event: 8.341 Thread 0x00000195f9a0dca0 DEOPT PACKING pc=0x0000019596baa4f8 sp=0x0000005d70afe6c0
Event: 8.341 Thread 0x00000195f9a0dca0 DEOPT UNPACKING pc=0x00000195964b69a3 sp=0x0000005d70afe658 mode 2
Event: 8.341 Thread 0x00000195f9a0dca0 Uncommon trap: trap_request=0xffffffde fr.pc=0x0000019596baaf90 relative=0x00000000000000f0
Event: 8.341 Thread 0x00000195f9a0dca0 Uncommon trap: reason=class_check action=maybe_recompile pc=0x0000019596baaf90 method=java.util.AbstractList$Itr.next()Ljava/lang/Object; @ 14 c2
Event: 8.341 Thread 0x00000195f9a0dca0 DEOPT PACKING pc=0x0000019596baaf90 sp=0x0000005d70afe640
Event: 8.341 Thread 0x00000195f9a0dca0 DEOPT UNPACKING pc=0x00000195964b69a3 sp=0x0000005d70afe5e8 mode 2
Event: 8.388 Thread 0x00000195f9a0dca0 Uncommon trap: trap_request=0xffffffde fr.pc=0x0000019596bbe894 relative=0x0000000000000174
Event: 8.388 Thread 0x00000195f9a0dca0 Uncommon trap: reason=class_check action=maybe_recompile pc=0x0000019596bbe894 method=com.intellij.openapi.vfs.VirtualFile.getNameSequence()Ljava/lang/CharSequence; @ 1 c2
Event: 8.388 Thread 0x00000195f9a0dca0 DEOPT PACKING pc=0x0000019596bbe894 sp=0x0000005d70afe680
Event: 8.388 Thread 0x00000195f9a0dca0 DEOPT UNPACKING pc=0x00000195964b69a3 sp=0x0000005d70afe640 mode 2
Event: 8.388 Thread 0x00000195f9a0dca0 Uncommon trap: trap_request=0xffffffde fr.pc=0x0000019596bbe894 relative=0x0000000000000174
Event: 8.388 Thread 0x00000195f9a0dca0 Uncommon trap: reason=class_check action=maybe_recompile pc=0x0000019596bbe894 method=com.intellij.openapi.vfs.VirtualFile.getNameSequence()Ljava/lang/CharSequence; @ 1 c2
Event: 8.388 Thread 0x00000195f9a0dca0 DEOPT PACKING pc=0x0000019596bbe894 sp=0x0000005d70afe610
Event: 8.388 Thread 0x00000195f9a0dca0 DEOPT UNPACKING pc=0x00000195964b69a3 sp=0x0000005d70afe5d0 mode 2
Event: 8.396 Thread 0x00000195f9a0dca0 Uncommon trap: trap_request=0xffffffde fr.pc=0x0000019596bbe894 relative=0x0000000000000174
Event: 8.396 Thread 0x00000195f9a0dca0 Uncommon trap: reason=class_check action=maybe_recompile pc=0x0000019596bbe894 method=com.intellij.openapi.vfs.VirtualFile.getNameSequence()Ljava/lang/CharSequence; @ 1 c2
Event: 8.396 Thread 0x00000195f9a0dca0 DEOPT PACKING pc=0x0000019596bbe894 sp=0x0000005d70afe8f0
Event: 8.396 Thread 0x00000195f9a0dca0 DEOPT UNPACKING pc=0x00000195964b69a3 sp=0x0000005d70afe8b0 mode 2

Classes loaded (20 events):
Event: 7.125 Loading class sun/nio/cs/UTF_32BE
Event: 7.126 Loading class sun/nio/cs/UTF_32BE done
Event: 7.126 Loading class sun/nio/cs/UTF_32LE
Event: 7.126 Loading class sun/nio/cs/UTF_32LE done
Event: 7.126 Loading class sun/nio/cs/MS1251
Event: 7.126 Loading class sun/nio/cs/MS1251 done
Event: 7.211 Loading class jdk/internal/reflect/UnsafeIntegerFieldAccessorImpl
Event: 7.212 Loading class jdk/internal/reflect/UnsafeIntegerFieldAccessorImpl done
Event: 7.234 Loading class java/util/regex/Pattern$1
Event: 7.234 Loading class java/util/regex/Pattern$1 done
Event: 7.486 Loading class java/util/PrimitiveIterator$OfInt
Event: 7.486 Loading class java/util/PrimitiveIterator
Event: 7.486 Loading class java/util/PrimitiveIterator done
Event: 7.486 Loading class java/util/PrimitiveIterator$OfInt done
Event: 7.554 Loading class java/util/concurrent/CompletionException
Event: 7.554 Loading class java/util/concurrent/CompletionException done
Event: 7.754 Loading class java/util/function/IntUnaryOperator
Event: 7.754 Loading class java/util/function/IntUnaryOperator done
Event: 7.823 Loading class java/util/concurrent/locks/AbstractQueuedSynchronizer$ExclusiveNode
Event: 7.824 Loading class java/util/concurrent/locks/AbstractQueuedSynchronizer$ExclusiveNode done

Classes unloaded (0 events):
No events

Classes redefined (0 events):
No events

Internal exceptions (20 events):
Event: 5.969 Thread 0x00000195f9a7e070 Exception <a 'sun/nio/fs/WindowsException'{0x00000007142c5998}> (0x00000007142c5998) 
thrown [s\src\hotspot\share\prims\jni.cpp, line 516]
Event: 5.970 Thread 0x00000195f9a7e070 Exception <a 'sun/nio/fs/WindowsException'{0x00000007142c6040}> (0x00000007142c6040) 
thrown [s\src\hotspot\share\prims\jni.cpp, line 516]
Event: 5.970 Thread 0x00000195f9a7e070 Exception <a 'sun/nio/fs/WindowsException'{0x00000007142c62d8}> (0x00000007142c62d8) 
thrown [s\src\hotspot\share\prims\jni.cpp, line 516]
Event: 5.970 Thread 0x00000195f9a7e070 Exception <a 'sun/nio/fs/WindowsException'{0x00000007142c6980}> (0x00000007142c6980) 
thrown [s\src\hotspot\share\prims\jni.cpp, line 516]
Event: 5.970 Thread 0x00000195f9a7e070 Exception <a 'sun/nio/fs/WindowsException'{0x00000007142c6c18}> (0x00000007142c6c18) 
thrown [s\src\hotspot\share\prims\jni.cpp, line 516]
Event: 5.970 Thread 0x00000195f9a7e070 Exception <a 'sun/nio/fs/WindowsException'{0x00000007142c72c0}> (0x00000007142c72c0) 
thrown [s\src\hotspot\share\prims\jni.cpp, line 516]
Event: 5.970 Thread 0x00000195f9a7e070 Exception <a 'sun/nio/fs/WindowsException'{0x00000007142c7550}> (0x00000007142c7550) 
thrown [s\src\hotspot\share\prims\jni.cpp, line 516]
Event: 5.971 Thread 0x00000195f9a7e070 Exception <a 'sun/nio/fs/WindowsException'{0x00000007142c7bf8}> (0x00000007142c7bf8) 
thrown [s\src\hotspot\share\prims\jni.cpp, line 516]
Event: 5.971 Thread 0x00000195f9a7e070 Exception <a 'sun/nio/fs/WindowsException'{0x00000007142c7e88}> (0x00000007142c7e88) 
thrown [s\src\hotspot\share\prims\jni.cpp, line 516]
Event: 5.971 Thread 0x00000195f9a7e070 Exception <a 'sun/nio/fs/WindowsException'{0x00000007142c8530}> (0x00000007142c8530) 
thrown [s\src\hotspot\share\prims\jni.cpp, line 516]
Event: 5.971 Thread 0x00000195f9a7e070 Exception <a 'sun/nio/fs/WindowsException'{0x00000007142c87c0}> (0x00000007142c87c0) 
thrown [s\src\hotspot\share\prims\jni.cpp, line 516]
Event: 6.632 Thread 0x00000195f9a7e070 Exception <a 'java/lang/NoSuchMethodError'{0x00000007073842f0}: 'java.lang.Object java.lang.invoke.DirectMethodHandle$Holder.newInvokeSpecial(java.lang.Object, java.lang.Object, java.lang.Object, int)'> (0x00000007073842f0) 
thrown [s\src\hotspot\share\interpreter\linkResolver.cpp, line 759]
Event: 6.633 Thread 0x00000195f9a7e070 Exception <a 'java/lang/NoSuchMethodError'{0x00000007073886d0}: 'java.lang.Object java.lang.invoke.DirectMethodHandle$Holder.invokeSpecial(java.lang.Object, java.lang.Object, java.lang.Object, java.lang.Object, int)'> (0x00000007073886d0) 
thrown [s\src\hotspot\share\interpreter\linkResolver.cpp, line 759]
Event: 6.633 Thread 0x00000195f9a7e070 Exception <a 'java/lang/NoSuchMethodError'{0x000000070738c298}: 'java.lang.Object java.lang.invoke.Invokers$Holder.linkToTargetMethod(java.lang.Object, java.lang.Object, int, java.lang.Object)'> (0x000000070738c298) 
thrown [s\src\hotspot\share\interpreter\linkResolver.cpp, line 759]
Event: 6.667 Thread 0x00000195f9a7e070 Exception <a 'sun/nio/fs/WindowsException'{0x000000070701ebb0}> (0x000000070701ebb0) 
thrown [s\src\hotspot\share\prims\jni.cpp, line 516]
Event: 6.667 Thread 0x00000195f9a7e070 Exception <a 'sun/nio/fs/WindowsException'{0x000000070701f1b0}> (0x000000070701f1b0) 
thrown [s\src\hotspot\share\prims\jni.cpp, line 516]
Event: 7.171 Thread 0x00000195f9a0dca0 Exception <a 'java/lang/NoSuchMethodError'{0x00000007072d76f8}: 'java.lang.Object java.lang.invoke.Invokers$Holder.invokeExact_MT(java.lang.Object, java.lang.Object, java.lang.Object, java.lang.Object, java.lang.Object, java.lang.Object)'> (0x00000007072d76f8) 
thrown [s\src\hotspot\share\interpreter\linkResolver.cpp, line 759]
Event: 7.477 Thread 0x00000195f94df7c0 Exception <a 'java/lang/NoSuchMethodError'{0x000000071262f6c8}: 'java.lang.Object java.lang.invoke.DirectMethodHandle$Holder.invokeVirtual(java.lang.Object, java.lang.Object, java.lang.Object)'> (0x000000071262f6c8) 
thrown [s\src\hotspot\share\interpreter\linkResolver.cpp, line 759]
Event: 7.854 Thread 0x00000195f94df7c0 Exception <a 'java/lang/NoSuchMethodError'{0x0000000706f2fc08}: 'java.lang.Object java.lang.invoke.Invokers$Holder.invokeExact_MT(java.lang.Object, java.lang.Object, long, java.lang.Object)'> (0x0000000706f2fc08) 
thrown [s\src\hotspot\share\interpreter\linkResolver.cpp, line 759]
Event: 8.251 Thread 0x00000195f9a0dca0 Exception <a 'java/lang/NoSuchMethodError'{0x000000070dbed970}: 'java.lang.Object java.lang.invoke.DirectMethodHandle$Holder.invokeStatic(java.lang.Object, java.lang.Object, int)'> (0x000000070dbed970) 
thrown [s\src\hotspot\share\interpreter\linkResolver.cpp, line 759]

VM Operations (20 events):
Event: 6.796 Executing VM operation: G1CollectForAllocation
Event: 6.801 Executing VM operation: G1CollectForAllocation done
Event: 6.818 Executing VM operation: HandshakeAllThreads
Event: 6.818 Executing VM operation: HandshakeAllThreads done
Event: 7.341 Executing VM operation: G1CollectForAllocation
Event: 7.346 Executing VM operation: G1CollectForAllocation done
Event: 7.409 Executing VM operation: CollectForMetadataAllocation
Event: 7.411 Executing VM operation: CollectForMetadataAllocation done
Event: 7.425 Executing VM operation: G1PauseRemark
Event: 7.428 Executing VM operation: G1PauseRemark done
Event: 7.434 Executing VM operation: G1PauseCleanup
Event: 7.435 Executing VM operation: G1PauseCleanup done
Event: 7.849 Executing VM operation: HandshakeAllThreads
Event: 7.849 Executing VM operation: HandshakeAllThreads done
Event: 7.879 Executing VM operation: G1CollectForAllocation
Event: 7.885 Executing VM operation: G1CollectForAllocation done
Event: 7.976 Executing VM operation: G1CollectForAllocation
Event: 7.981 Executing VM operation: G1CollectForAllocation done
Event: 8.991 Executing VM operation: Cleanup
Event: 8.992 Executing VM operation: Cleanup done

Memory protections (0 events):
No events

Nmethod flushes (0 events):
No events

Events (20 events):
Event: 2.425 Thread 0x00000195aa6ade20 Thread added: 0x00000195f0103d40
Event: 2.984 Thread 0x00000195f0103d40 Thread exited: 0x00000195f0103d40
Event: 3.132 Thread 0x00000195aa6b6830 Thread added: 0x00000195f0102d50
Event: 3.160 Thread 0x00000195aa6b6830 Thread added: 0x00000195f0105280
Event: 3.673 Thread 0x00000195f0105280 Thread exited: 0x00000195f0105280
Event: 4.305 Thread 0x000001958740fae0 Thread added: 0x00000195f9ac0cc0
Event: 4.309 Thread 0x00000195f9ac0cc0 Thread exited: 0x00000195f9ac0cc0
Event: 4.934 Thread 0x000001958740fae0 Thread added: 0x00000195f146b200
Event: 4.936 Thread 0x000001958740fae0 Thread exited: 0x000001958740fae0
Event: 4.936 Thread 0x000001958740fae0 Thread added: 0x000001958740fae0
Event: 5.083 Thread 0x00000195f146b200 Thread added: 0x00000195f9a7e070
Event: 5.468 Thread 0x00000195f0102d50 Thread exited: 0x00000195f0102d50
Event: 5.776 Thread 0x00000195aa6b6830 Thread added: 0x00000195f01032a0
Event: 6.539 Thread 0x00000195f9a7e070 Thread added: 0x00000195f10a60c0
Event: 6.792 Thread 0x00000195f01032a0 Thread added: 0x00000195f0104d30
Event: 7.118 Thread 0x00000195f9a7e070 Thread added: 0x00000195f9a0dca0
Event: 7.237 Thread 0x00000195f146b200 Thread added: 0x00000195f94df7c0
Event: 7.552 Thread 0x00000195f146b200 Thread added: 0x00000195f94dc520
Event: 8.535 Thread 0x00000195f0104d30 Thread exited: 0x00000195f0104d30
Event: 8.535 Thread 0x00000195f01032a0 Thread exited: 0x00000195f01032a0


Dynamic libraries:
0x00007ff608890000 - 0x00007ff60889e000 	C:\Program Files\Microsoft\jdk-17.0.13.11-hotspot\bin\java.exe
0x00007ffdd33d0000 - 0x00007ffdd35e7000 	C:\Windows\SYSTEM32\ntdll.dll
0x00007ffdd23b0000 - 0x00007ffdd2473000 	C:\Windows\System32\KERNEL32.DLL
0x00007ffdd0880000 - 0x00007ffdd0c53000 	C:\Windows\System32\KERNELBASE.dll
0x00007ffdd0f40000 - 0x00007ffdd1051000 	C:\Windows\System32\ucrtbase.dll
0x00007ffdb2970000 - 0x00007ffdb2987000 	C:\Program Files\Microsoft\jdk-17.0.13.11-hotspot\bin\jli.dll
0x00007ffdaeab0000 - 0x00007ffdaeacd000 	C:\Program Files\Microsoft\jdk-17.0.13.11-hotspot\bin\VCRUNTIME140.dll
0x00007ffdd2e20000 - 0x00007ffdd2fd1000 	C:\Windows\System32\USER32.dll
0x00007ffdd0c60000 - 0x00007ffdd0c86000 	C:\Windows\System32\win32u.dll
0x00007ffdb5a60000 - 0x00007ffdb5cfb000 	C:\Windows\WinSxS\amd64_microsoft.windows.common-controls_6595b64144ccf1df_6.0.22621.5235_none_270f78ad738609e6\COMCTL32.dll
0x00007ffdd1fd0000 - 0x00007ffdd2077000 	C:\Windows\System32\msvcrt.dll
0x00007ffdd3270000 - 0x00007ffdd3299000 	C:\Windows\System32\GDI32.dll
0x00007ffdd04c0000 - 0x00007ffdd05e2000 	C:\Windows\System32\gdi32full.dll
0x00007ffdd0670000 - 0x00007ffdd070a000 	C:\Windows\System32\msvcp_win.dll
0x00007ffdd3230000 - 0x00007ffdd3261000 	C:\Windows\System32\IMM32.DLL
0x00007ffdca190000 - 0x00007ffdca19c000 	C:\Program Files\Microsoft\jdk-17.0.13.11-hotspot\bin\vcruntime140_1.dll
0x00007ffd87140000 - 0x00007ffd871cd000 	C:\Program Files\Microsoft\jdk-17.0.13.11-hotspot\bin\msvcp140.dll
0x00007ffd79cc0000 - 0x00007ffd7a931000 	C:\Program Files\Microsoft\jdk-17.0.13.11-hotspot\bin\server\jvm.dll
0x00007ffdd2d60000 - 0x00007ffdd2e11000 	C:\Windows\System32\ADVAPI32.dll
0x00007ffdd2720000 - 0x00007ffdd27c8000 	C:\Windows\System32\sechost.dll
0x00007ffdd0d50000 - 0x00007ffdd0d78000 	C:\Windows\System32\bcrypt.dll
0x00007ffdd1060000 - 0x00007ffdd1174000 	C:\Windows\System32\RPCRT4.dll
0x00007ffdd2fe0000 - 0x00007ffdd3051000 	C:\Windows\System32\WS2_32.dll
0x00007ffdcf340000 - 0x00007ffdcf38d000 	C:\Windows\SYSTEM32\POWRPROF.dll
0x00007ffdc93f0000 - 0x00007ffdc9424000 	C:\Windows\SYSTEM32\WINMM.dll
0x00007ffdc8720000 - 0x00007ffdc872a000 	C:\Windows\SYSTEM32\VERSION.dll
0x00007ffdcf320000 - 0x00007ffdcf333000 	C:\Windows\SYSTEM32\UMPDC.dll
0x00007ffdcf5e0000 - 0x00007ffdcf5f8000 	C:\Windows\SYSTEM32\kernel.appcore.dll
0x00007ffdbd2c0000 - 0x00007ffdbd2ca000 	C:\Program Files\Microsoft\jdk-17.0.13.11-hotspot\bin\jimage.dll
0x00007ffdcdb40000 - 0x00007ffdcdd72000 	C:\Windows\SYSTEM32\DBGHELP.DLL
0x00007ffdd27f0000 - 0x00007ffdd2b83000 	C:\Windows\System32\combase.dll
0x00007ffdd22d0000 - 0x00007ffdd23a7000 	C:\Windows\System32\OLEAUT32.dll
0x00007ffdc4c40000 - 0x00007ffdc4c72000 	C:\Windows\SYSTEM32\dbgcore.DLL
0x00007ffdd05f0000 - 0x00007ffdd066b000 	C:\Windows\System32\bcryptPrimitives.dll
0x00007ffdacf60000 - 0x00007ffdacf85000 	C:\Program Files\Microsoft\jdk-17.0.13.11-hotspot\bin\java.dll
0x00007ffd7c0e0000 - 0x00007ffd7c1b7000 	C:\Program Files\Microsoft\jdk-17.0.13.11-hotspot\bin\jsvml.dll
0x00007ffdd1600000 - 0x00007ffdd1ea1000 	C:\Windows\System32\SHELL32.dll
0x00007ffdd0d80000 - 0x00007ffdd0ebf000 	C:\Windows\System32\wintypes.dll
0x00007ffdce3b0000 - 0x00007ffdcecce000 	C:\Windows\SYSTEM32\windows.storage.dll
0x00007ffdd1eb0000 - 0x00007ffdd1fbb000 	C:\Windows\System32\SHCORE.dll
0x00007ffdd26b0000 - 0x00007ffdd2717000 	C:\Windows\System32\shlwapi.dll
0x00007ffdd03f0000 - 0x00007ffdd041b000 	C:\Windows\SYSTEM32\profapi.dll
0x00007ffdaea90000 - 0x00007ffdaeaaa000 	C:\Program Files\Microsoft\jdk-17.0.13.11-hotspot\bin\net.dll
0x00007ffdcca60000 - 0x00007ffdccb8c000 	C:\Windows\SYSTEM32\WINHTTP.dll
0x00007ffdcfa60000 - 0x00007ffdcfaca000 	C:\Windows\system32\mswsock.dll
0x00007ffdae2f0000 - 0x00007ffdae306000 	C:\Program Files\Microsoft\jdk-17.0.13.11-hotspot\bin\nio.dll
0x00007ffdacfb0000 - 0x00007ffdacfc8000 	C:\Program Files\Microsoft\jdk-17.0.13.11-hotspot\bin\zip.dll
0x00007ffdcfcc0000 - 0x00007ffdcfcdb000 	C:\Windows\SYSTEM32\CRYPTSP.dll
0x00007ffdcf540000 - 0x00007ffdcf577000 	C:\Windows\system32\rsaenh.dll
0x00007ffdcfb50000 - 0x00007ffdcfb78000 	C:\Windows\SYSTEM32\USERENV.dll
0x00007ffdcfcb0000 - 0x00007ffdcfcbc000 	C:\Windows\SYSTEM32\CRYPTBASE.dll
0x00007ffdcef20000 - 0x00007ffdcef4d000 	C:\Windows\SYSTEM32\IPHLPAPI.DLL
0x00007ffdd27d0000 - 0x00007ffdd27d9000 	C:\Windows\System32\NSI.dll
0x00007ffdcbf90000 - 0x00007ffdcbfa9000 	C:\Windows\SYSTEM32\dhcpcsvc6.DLL
0x00007ffdcba60000 - 0x00007ffdcba7f000 	C:\Windows\SYSTEM32\dhcpcsvc.DLL
0x00007ffdcef50000 - 0x00007ffdcf052000 	C:\Windows\SYSTEM32\DNSAPI.dll
0x00007ffdaea80000 - 0x00007ffdaea90000 	C:\Program Files\Microsoft\jdk-17.0.13.11-hotspot\bin\verify.dll
0x00007ffd79bd0000 - 0x00007ffd79cb9000 	C:\Windows\Temp\sqlite-3.41.2.1-41898bf1-cce2-46d4-8ef5-ce0232d4a4f6-sqlitejdbc.dll

dbghelp: loaded successfully - version: 4.0.5 - missing functions: none
symbol engine: initialized successfully - sym options: 0x614 - pdb path: .;C:\Program Files\Microsoft\jdk-17.0.13.11-hotspot\bin;C:\Windows\SYSTEM32;C:\Windows\WinSxS\amd64_microsoft.windows.common-controls_6595b64144ccf1df_6.0.22621.5235_none_270f78ad738609e6;C:\Program Files\Microsoft\jdk-17.0.13.11-hotspot\bin\server;C:\Windows\Temp

VM Arguments:
jvm_args: -DkotlinLanguageServer.version=1.3.13 
java_command: org.javacs.kt.MainKt
java_class_path (initial): c:\Users\nobit\AppData\Roaming\Code\User\globalStorage\fwcd.kotlin\langServerInstall\server\lib\server-1.3.13.jar;c:\Users\nobit\AppData\Roaming\Code\User\globalStorage\fwcd.kotlin\langServerInstall\server\lib\shared-1.3.13.jar;c:\Users\nobit\AppData\Roaming\Code\User\globalStorage\fwcd.kotlin\langServerInstall\server\lib\kotlin-scripting-jvm-host-unshaded-2.1.0.jar;c:\Users\nobit\AppData\Roaming\Code\User\globalStorage\fwcd.kotlin\langServerInstall\server\lib\kotlin-scripting-compiler-2.1.0.jar;c:\Users\nobit\AppData\Roaming\Code\User\globalStorage\fwcd.kotlin\langServerInstall\server\lib\ktfmt-b5d31d1.jar;c:\Users\nobit\AppData\Roaming\Code\User\globalStorage\fwcd.kotlin\langServerInstall\server\lib\kotlin-compiler-2.1.0.jar;c:\Users\nobit\AppData\Roaming\Code\User\globalStorage\fwcd.kotlin\langServerInstall\server\lib\exposed-dao-0.37.3.jar;c:\Users\nobit\AppData\Roaming\Code\User\globalStorage\fwcd.kotlin\langServerInstall\server\lib\exposed-jdbc-0.37.3.jar;c:\Users\nobit\AppData\Roaming\Code\User\globalStorage\fwcd.kotlin\langServerInstall\server\lib\exposed-core-0.37.3.jar;c:\Users\nobit\AppData\Roaming\Code\User\globalStorage\fwcd.kotlin\langServerInstall\server\lib\kotlin-scripting-compiler-impl-2.1.0.jar;c:\Users\nobit\AppData\Roaming\Code\User\globalStorage\fwcd.kotlin\langServerInstall\server\lib\kotlin-reflect-2.1.0.jar;c:\Users\nobit\AppData\Roaming\Code\User\globalStorage\fwcd.kotlin\langServerInstall\server\lib\kotlin-scripting-jvm-2.1.0.jar;c:\Users\nobit\AppData\Roaming\Code\User\globalStorage\fwcd.kotlin\langServerInstall\server\lib\kotlin-scripting-common-2.1.0.jar;c:\Users\nobit\AppData\Roaming\Code\User\globalStorage\fwcd.kotlin\langServerInstall\server\lib\kotlinx-coroutines-core-jvm-1.6.4.jar;c:\Users\nobit\AppData\Roaming\Code\User\globalStorage\fwcd.kotlin\langServerInstall\server\lib\kotlin-stdlib-jdk8-2.1.0.jar;c:\Users\nobit\AppData\Roaming\Code\User\globalStorage\fwcd.kotlin\langServerInstall\server\lib\kotli
Launcher Type: SUN_STANDARD

[Global flags]
     intx CICompilerCount                          = 4                                         {product} {ergonomic}
     uint ConcGCThreads                            = 3                                         {product} {ergonomic}
     uint G1ConcRefinementThreads                  = 10                                        {product} {ergonomic}
   size_t G1HeapRegionSize                         = 2097152                                   {product} {ergonomic}
    uintx GCDrainStackTargetSize                   = 64                                        {product} {ergonomic}
   size_t InitialHeapSize                          = 264241152                                 {product} {ergonomic}
   size_t MarkStackSize                            = 4194304                                   {product} {ergonomic}
   size_t MaxHeapSize                              = 4219469824                                {product} {ergonomic}
   size_t MaxNewSize                               = 2531262464                                {product} {ergonomic}
   size_t MinHeapDeltaBytes                        = 2097152                                   {product} {ergonomic}
   size_t MinHeapSize                              = 8388608                                   {product} {ergonomic}
    uintx NonNMethodCodeHeapSize                   = 5839372                                {pd product} {ergonomic}
    uintx NonProfiledCodeHeapSize                  = 122909434                              {pd product} {ergonomic}
    uintx ProfiledCodeHeapSize                     = 122909434                              {pd product} {ergonomic}
    uintx ReservedCodeCacheSize                    = 251658240                              {pd product} {ergonomic}
     bool SegmentedCodeCache                       = true                                      {product} {ergonomic}
   size_t SoftMaxHeapSize                          = 4219469824                             {manageable} {ergonomic}
     bool UseCompressedClassPointers               = true                           {product lp64_product} {ergonomic}
     bool UseCompressedOops                        = true                           {product lp64_product} {ergonomic}
     bool UseG1GC                                  = true                                      {product} {ergonomic}
     bool UseLargePagesIndividualAllocation        = false                                  {pd product} {ergonomic}

Logging:
Log output configuration:
 #0: stdout all=warning uptime,level,tags
 #1: stderr all=off uptime,level,tags

Environment Variables:
JAVA_HOME=C:\Program Files\Microsoft\jdk-17.0.13.11-hotspot\
CLASSPATH=c:\Users\nobit\AppData\Roaming\Code\User\globalStorage\fwcd.kotlin\langServerInstall\server\lib\server-1.3.13.jar;c:\Users\nobit\AppData\Roaming\Code\User\globalStorage\fwcd.kotlin\langServerInstall\server\lib\shared-1.3.13.jar;c:\Users\nobit\AppData\Roaming\Code\User\globalStorage\fwcd.kotlin\langServerInstall\server\lib\kotlin-scripting-jvm-host-unshaded-2.1.0.jar;c:\Users\nobit\AppData\Roaming\Code\User\globalStorage\fwcd.kotlin\langServerInstall\server\lib\kotlin-scripting-compiler-2.1.0.jar;c:\Users\nobit\AppData\Roaming\Code\User\globalStorage\fwcd.kotlin\langServerInstall\server\lib\ktfmt-b5d31d1.jar;c:\Users\nobit\AppData\Roaming\Code\User\globalStorage\fwcd.kotlin\langServerInstall\server\lib\kotlin-compiler-2.1.0.jar;c:\Users\nobit\AppData\Roaming\Code\User\globalStorage\fwcd.kotlin\langServerInstall\server\lib\exposed-dao-0.37.3.jar;c:\Users\nobit\AppData\Roaming\Code\User\globalStorage\fwcd.kotlin\langServerInstall\server\lib\exposed-jdbc-0.37.3.jar;c:\Users\nobit\AppData\Roaming\Code\User\globalStorage\fwcd.kotlin\langServerInstall\server\lib\exposed-core-0.37.3.jar;c:\Users\nobit\AppData\Roaming\Code\User\globalStorage\fwcd.kotlin\langServerInstall\server\lib\kotlin-scripting-compiler-impl-2.1.0.jar;c:\Users\nobit\AppData\Roaming\Code\User\globalStorage\fwcd.kotlin\langServerInstall\server\lib\kotlin-reflect-2.1.0.jar;c:\Users\nobit\AppData\Roaming\Code\User\globalStorage\fwcd.kotlin\langServerInstall\server\lib\kotlin-scripting-jvm-2.1.0.jar;c:\Users\nobit\AppData\Roaming\Code\User\globalStorage\fwcd.kotlin\langServerInstall\server\lib\kotlin-scripting-common-2.1.0.jar;c:\Users\nobit\AppData\Roaming\Code\User\globalStorage\fwcd.kotlin\langServerInstall\server\lib\kotlinx-coroutines-core-jvm-1.6.4.jar;c:\Users\nobit\AppData\Roaming\Code\User\globalStorage\fwcd.kotlin\langServerInstall\server\lib\kotlin-stdlib-jdk8-2.1.0.jar;c:\Users\nobit\AppData\Roaming\Code\User\globalStorage\fwcd.kotlin\langServerInstall\server\lib\kotlin-stdlib-jdk7-2.1.0.jar;c:\
PATH=C:\Program Files (x86)\Common Files\Oracle\Java\javapath;C:\Program Files\NVIDIA GPU Computing Toolkit\CUDA\v11.8\bin;C:\Program Files\NVIDIA GPU Computing Toolkit\CUDA\v11.8\libnvvp;c:\Users\nobit\AppData\Local\Programs\cursor\resources\app\bin;C:\Program Files\Microsoft\jdk-17.0.13.11-hotspot\bin;C:\Program Files\NVIDIA GPU Computing Toolkit\CUDA\v12.6\bin;C:\Program Files\NVIDIA GPU Computing Toolkit\CUDA\v12.6\libnvvp;C:\Windows\system32;C:\Windows;C:\Windows\System32\Wbem;C:\Windows\System32\WindowsPowerShell\v1.0\;C:\Windows\System32\OpenSSH\;C:\Program Files (x86)\NVIDIA Corporation\PhysX\Common;C:\Program Files\NVIDIA Corporation\NVIDIA NvDLISR;C:\Program Files\nodejs\;C:\MinGW\bin;C:\Program Files (x86)\Vim\vim91\vim91;C:\ProgramData\chocolatey\bin;C:\Program Files\Git\cmd;C:\Program Files (x86)\dotnet\;C:\Users\nobit/go/bin;C:\Users\nobit/.local/opt/go/bin;C:\Users\nobit/.local/bin;C:\Users\nobit\.cargo\bin;C:\Program Files\MySQL\MySQL Shell 8.0\bin\;C:\Users\nobit\AppData\Local\Microsoft\WindowsApps;C:\Users\nobit\AppData\Roaming\npm;C:\Users\nobit\AppData\Local\Pr;C:\Program Files\GitHub CLI\;C:\ffmpeg\bin\;C:\Users\nobit\dev\flutter\bin;C:\Program Files (x86)\Windows Kits\10\Windows Performance Toolkit\;C:\Program Files (x86)\Windows Kits\10\bin\10.0.26100.0\x64;C:\Users\nobit\.gradle\wrapper\dists\gradle-8.7-bin;C:\Users\nobit\.gradle\wrapper\dists\gradle-8.7-bin;C:\Users\nobit\.gradle\wrapper\dists\gradle-8.5-bin;C:\Users\nobit\.gradle\wrapper\dists\gradle-8.3-all;C:\Gradle\gradle-8.12.1\bin;C:\Users\nobit\AppData\Local\Packages\PythonSoftwareFoundation.Python.3.9_qbz5n2kfra8p0\LocalCache\local-packages\Python39\site-packages\truss;C:\Users\nobit\AppData\Local\Packages\PythonSoftwareFoundation.Python.3.9_qbz5n2kfra8p0\LocalCache\local-packages\Python39\Scripts;C:\Program Files\eSpeak NG\;C:\ProgramData\miniconda3\condabin;C:\Program Files\Git LFS;C:\xampp\php;C:\composer;C:\Users\nobit\AppData\Local\Android\Sdk\platform-tools\adb.exe;;C:\Program Fil
USERNAME=nobit
OS=Windows_NT
PROCESSOR_IDENTIFIER=Intel64 Family 6 Model 154 Stepping 3, GenuineIntel
TMP=C:\Windows\TEMP
TEMP=C:\Windows\TEMP



Periodic native trim disabled


---------------  S Y S T E M  ---------------

OS:
 Windows 11 , 64 bit Build 22621 (10.0.22621.5160)
OS uptime: 2 days 15:56 hours
Hyper-V role detected

CPU: total 12 (initial active 12) (6 cores per cpu, 2 threads per core) family 6 model 154 stepping 3 microcode 0x42a, cx8, cmov, fxsr, ht, mmx, 3dnowpref, sse, sse2, sse3, ssse3, sse4.1, sse4.2, popcnt, lzcnt, tsc, tscinvbit, avx, avx2, aes, erms, clmul, bmi1, bmi2, adx, sha, fma, vzeroupper, clflush, clflushopt, clwb, hv
Processor Information for processor 0
  Max Mhz: 2000, Current Mhz: 2000, Mhz Limit: 2000
Processor Information for processor 1
  Max Mhz: 2000, Current Mhz: 2000, Mhz Limit: 2000
Processor Information for processor 2
  Max Mhz: 2000, Current Mhz: 2000, Mhz Limit: 2000
Processor Information for processor 3
  Max Mhz: 2000, Current Mhz: 2000, Mhz Limit: 2000
Processor Information for processor 4
  Max Mhz: 2000, Current Mhz: 2000, Mhz Limit: 2000
Processor Information for processor 5
  Max Mhz: 2000, Current Mhz: 2000, Mhz Limit: 2000
Processor Information for processor 6
  Max Mhz: 2000, Current Mhz: 2000, Mhz Limit: 2000
Processor Information for processor 7
  Max Mhz: 2000, Current Mhz: 2000, Mhz Limit: 2000
Processor Information for processor 8
  Max Mhz: 2000, Current Mhz: 1500, Mhz Limit: 1500
Processor Information for processor 9
  Max Mhz: 2000, Current Mhz: 1500, Mhz Limit: 1500
Processor Information for processor 10
  Max Mhz: 2000, Current Mhz: 1500, Mhz Limit: 1500
Processor Information for processor 11
  Max Mhz: 2000, Current Mhz: 1500, Mhz Limit: 1500

Memory: 4k page, system-wide physical 16088M (2294M free)
TotalPageFile size 35980M (AvailPageFile size 4M)
current process WorkingSet (physical memory assigned to process): 223M, peak: 223M
current process commit charge ("private bytes"): 349M, peak: 399M

vm_info: OpenJDK 64-Bit Server VM (17.0.13+11-LTS) for windows-amd64 JRE (17.0.13+11-LTS), built on Oct 11 2024 23:25:05 by "MicrosoftCorporation" with unknown MS VC++:1939

END.
